{"/home/matias/dev/studies/kukac-test/backend/src/app.ts":{"path":"/home/matias/dev/studies/kukac-test/backend/src/app.ts","statementMap":{"0":{"start":{"line":2,"column":22},"end":{"line":4,"column":1}},"1":{"start":{"line":3,"column":4},"end":{"line":3,"column":62}},"2":{"start":{"line":5,"column":0},"end":{"line":5,"column":62}},"3":{"start":{"line":6,"column":15},"end":{"line":6,"column":47}},"4":{"start":{"line":7,"column":18},"end":{"line":7,"column":53}},"5":{"start":{"line":8,"column":17},"end":{"line":8,"column":51}},"6":{"start":{"line":9,"column":23},"end":{"line":9,"column":81}},"7":{"start":{"line":10,"column":19},"end":{"line":10,"column":73}},"8":{"start":{"line":11,"column":27},"end":{"line":11,"column":80}},"9":{"start":{"line":12,"column":23},"end":{"line":12,"column":72}},"10":{"start":{"line":13,"column":24},"end":{"line":13,"column":74}},"11":{"start":{"line":14,"column":20},"end":{"line":14,"column":66}},"12":{"start":{"line":15,"column":12},"end":{"line":15,"column":36}},"13":{"start":{"line":16,"column":0},"end":{"line":16,"column":34}},"14":{"start":{"line":17,"column":0},"end":{"line":17,"column":31}},"15":{"start":{"line":18,"column":0},"end":{"line":18,"column":38}},"16":{"start":{"line":19,"column":0},"end":{"line":19,"column":51}},"17":{"start":{"line":20,"column":0},"end":{"line":20,"column":43}},"18":{"start":{"line":21,"column":0},"end":{"line":21,"column":45}},"19":{"start":{"line":22,"column":0},"end":{"line":22,"column":37}},"20":{"start":{"line":23,"column":0},"end":{"line":23,"column":28}},"21":{"start":{"line":24,"column":0},"end":{"line":24,"column":32}},"22":{"start":{"line":25,"column":0},"end":{"line":25,"column":22}}},"fnMap":{"0":{"name":"(anonymous_0)","decl":{"start":{"line":2,"column":56},"end":{"line":2,"column":57}},"loc":{"start":{"line":2,"column":71},"end":{"line":4,"column":1}},"line":2}},"branchMap":{"0":{"loc":{"start":{"line":2,"column":22},"end":{"line":4,"column":1}},"type":"binary-expr","locations":[{"start":{"line":2,"column":23},"end":{"line":2,"column":27}},{"start":{"line":2,"column":31},"end":{"line":2,"column":51}},{"start":{"line":2,"column":56},"end":{"line":4,"column":1}}],"line":2},"1":{"loc":{"start":{"line":3,"column":11},"end":{"line":3,"column":61}},"type":"cond-expr","locations":[{"start":{"line":3,"column":37},"end":{"line":3,"column":40}},{"start":{"line":3,"column":43},"end":{"line":3,"column":61}}],"line":3},"2":{"loc":{"start":{"line":3,"column":12},"end":{"line":3,"column":33}},"type":"binary-expr","locations":[{"start":{"line":3,"column":12},"end":{"line":3,"column":15}},{"start":{"line":3,"column":19},"end":{"line":3,"column":33}}],"line":3}},"s":{"0":1,"1":9,"2":1,"3":1,"4":1,"5":1,"6":1,"7":1,"8":1,"9":1,"10":1,"11":1,"12":1,"13":1,"14":1,"15":1,"16":1,"17":1,"18":1,"19":1,"20":1,"21":1,"22":1},"f":{"0":9},"b":{"0":[1,1,1],"1":[6,3],"2":[9,9]},"inputSourceMap":{"version":3,"file":"/home/matias/dev/studies/kukac-test/backend/src/app.ts","sources":["/home/matias/dev/studies/kukac-test/backend/src/app.ts"],"names":[],"mappings":";;;;;AAAA,gDAAuB;AACvB,sDAA6B;AAC7B,oDAA2B;AAC3B,kFAAyD;AACzD,0EAAiD;AACjD,iFAAwD;AACxD,yEAAgD;AAChD,2EAAkD;AAClD,mEAA0C;AAI1C,MAAM,GAAG,GAAG,IAAA,iBAAO,GAAE,CAAA;AAErB,GAAG,CAAC,GAAG,CAAC,iBAAO,CAAC,IAAI,EAAE,CAAC,CAAA;AACvB,GAAG,CAAC,GAAG,CAAC,IAAA,cAAI,GAAE,CAAC,CAAA;AACf,GAAG,CAAC,GAAG,CAAC,IAAA,gBAAM,EAAC,KAAK,CAAC,CAAC,CAAA;AAEtB,GAAG,CAAC,GAAG,CAAC,aAAa,EAAE,0BAAgB,CAAC,CAAA;AACxC,GAAG,CAAC,GAAG,CAAC,SAAS,EAAE,sBAAY,CAAC,CAAA;AAChC,GAAG,CAAC,GAAG,CAAC,UAAU,EAAE,uBAAa,CAAC,CAAA;AAClC,GAAG,CAAC,GAAG,CAAC,MAAM,EAAE,mBAAS,CAAC,CAAA;AAG1B,GAAG,CAAC,GAAG,CAAC,kBAAQ,CAAC,CAAA;AACjB,GAAG,CAAC,GAAG,CAAC,sBAAY,CAAC,CAAA;AAErB,kBAAe,GAAG,CAAA","sourcesContent":["import cors from 'cors'\nimport express from 'express'\nimport morgan from 'morgan'\nimport errorHandler from './api/middlewares/errorHandler'\nimport notFound from './api/middlewares/notFound'\nimport palyndromeRouter from './routes/palyndromeRouter'\nimport changeRouter from './routes/changeRouter'\nimport vehicleRouter from './routes/vehicleRouter'\nimport cepRouter from './routes/cepRouter'\n\n\n\nconst app = express() \n\napp.use(express.json())\napp.use(cors())\napp.use(morgan('dev'))\n\napp.use('/palyndrome', palyndromeRouter)\napp.use('/change', changeRouter)\napp.use('/vehicle', vehicleRouter)\napp.use('/cep', cepRouter)\n\n\napp.use(notFound)\napp.use(errorHandler)\n\nexport default app"]},"_coverageSchema":"1a1c01bbd47fc00a2c39e90264f33305004495a9","hash":"a46863555f2b81728f9b4f4a7b0cb6b0974a898d","contentHash":"5630dd15027c10d90175fc6ce159b86c43ab2d75f12feaa03f74a842cf4957e5"},"/home/matias/dev/studies/kukac-test/backend/src/api/middlewares/errorHandler.ts":{"path":"/home/matias/dev/studies/kukac-test/backend/src/api/middlewares/errorHandler.ts","statementMap":{"0":{"start":{"line":2,"column":22},"end":{"line":4,"column":1}},"1":{"start":{"line":3,"column":4},"end":{"line":3,"column":62}},"2":{"start":{"line":5,"column":0},"end":{"line":5,"column":62}},"3":{"start":{"line":6,"column":24},"end":{"line":6,"column":75}},"4":{"start":{"line":7,"column":21},"end":{"line":13,"column":1}},"5":{"start":{"line":8,"column":4},"end":{"line":8,"column":21}},"6":{"start":{"line":9,"column":4},"end":{"line":11,"column":5}},"7":{"start":{"line":10,"column":8},"end":{"line":10,"column":87}},"8":{"start":{"line":12,"column":4},"end":{"line":12,"column":87}},"9":{"start":{"line":14,"column":0},"end":{"line":14,"column":31}}},"fnMap":{"0":{"name":"(anonymous_0)","decl":{"start":{"line":2,"column":56},"end":{"line":2,"column":57}},"loc":{"start":{"line":2,"column":71},"end":{"line":4,"column":1}},"line":2},"1":{"name":"(anonymous_1)","decl":{"start":{"line":7,"column":21},"end":{"line":7,"column":22}},"loc":{"start":{"line":7,"column":48},"end":{"line":13,"column":1}},"line":7}},"branchMap":{"0":{"loc":{"start":{"line":2,"column":22},"end":{"line":4,"column":1}},"type":"binary-expr","locations":[{"start":{"line":2,"column":23},"end":{"line":2,"column":27}},{"start":{"line":2,"column":31},"end":{"line":2,"column":51}},{"start":{"line":2,"column":56},"end":{"line":4,"column":1}}],"line":2},"1":{"loc":{"start":{"line":3,"column":11},"end":{"line":3,"column":61}},"type":"cond-expr","locations":[{"start":{"line":3,"column":37},"end":{"line":3,"column":40}},{"start":{"line":3,"column":43},"end":{"line":3,"column":61}}],"line":3},"2":{"loc":{"start":{"line":3,"column":12},"end":{"line":3,"column":33}},"type":"binary-expr","locations":[{"start":{"line":3,"column":12},"end":{"line":3,"column":15}},{"start":{"line":3,"column":19},"end":{"line":3,"column":33}}],"line":3},"3":{"loc":{"start":{"line":9,"column":4},"end":{"line":11,"column":5}},"type":"if","locations":[{"start":{"line":9,"column":4},"end":{"line":11,"column":5}},{"start":{"line":9,"column":4},"end":{"line":11,"column":5}}],"line":9}},"s":{"0":1,"1":1,"2":1,"3":1,"4":1,"5":10,"6":10,"7":10,"8":0,"9":1},"f":{"0":1,"1":10},"b":{"0":[1,1,1],"1":[1,0],"2":[1,1],"3":[10,0]},"inputSourceMap":{"version":3,"file":"/home/matias/dev/studies/kukac-test/backend/src/api/middlewares/errorHandler.ts","sources":["/home/matias/dev/studies/kukac-test/backend/src/api/middlewares/errorHandler.ts"],"names":[],"mappings":";;;;;AACA,4EAAmD;AAEnD,MAAM,YAAY,GAAwB,CAAC,GAAG,EAAE,IAAI,EAAE,GAAG,EAAE,KAAK,EAAE,EAAE;IACnE,OAAO,CAAC,GAAG,CAAC,GAAG,CAAC,CAAA;IAChB,IAAI,GAAG,YAAY,uBAAa,EAAE;QACjC,OAAO,GAAG,CAAC,MAAM,CAAC,GAAG,CAAC,MAAM,CAAC,CAAC,IAAI,CAAC,EAAC,OAAO,EAAE,GAAG,CAAC,OAAO,EAAE,KAAK,EAAE,GAAG,CAAC,KAAK,EAAC,CAAC,CAAA;KAC5E;IACD,OAAO,GAAG,CAAC,MAAM,CAAC,GAAG,CAAC,CAAC,IAAI,CAAC,EAAE,OAAO,EAAE,wCAAwC,EAAE,CAAC,CAAA;AACnF,CAAC,CAAA;AAED,kBAAe,YAAY,CAAA","sourcesContent":["import { ErrorRequestHandler } from 'express'\nimport HttpException from '../errors/httpException'\n\nconst errorHandler: ErrorRequestHandler = (err, _req, res, _next) => {\n\tconsole.log(err)\n\tif (err instanceof HttpException) {\n\t\treturn res.status(err.status).json({message: err.message, stack: err.stack})\n\t}\n\treturn res.status(500).json({ message: 'Something went wrong, please try again' })\n}\n\nexport default errorHandler\n"]},"_coverageSchema":"1a1c01bbd47fc00a2c39e90264f33305004495a9","hash":"3e87defe03be2fbb7ea2457c7b24d1169d3dee1d","contentHash":"47ac3b50775a041d56e275258841e7a41c3a466f8614d75aad1e61140f6b89bd"},"/home/matias/dev/studies/kukac-test/backend/src/api/errors/httpException.ts":{"path":"/home/matias/dev/studies/kukac-test/backend/src/api/errors/httpException.ts","statementMap":{"0":{"start":{"line":2,"column":0},"end":{"line":2,"column":62}},"1":{"start":{"line":5,"column":8},"end":{"line":5,"column":23}},"2":{"start":{"line":6,"column":8},"end":{"line":6,"column":29}},"3":{"start":{"line":7,"column":8},"end":{"line":7,"column":31}},"4":{"start":{"line":10,"column":0},"end":{"line":10,"column":32}}},"fnMap":{"0":{"name":"(anonymous_0)","decl":{"start":{"line":4,"column":4},"end":{"line":4,"column":5}},"loc":{"start":{"line":4,"column":33},"end":{"line":8,"column":5}},"line":4}},"branchMap":{},"s":{"0":1,"1":10,"2":10,"3":10,"4":1},"f":{"0":10},"b":{},"inputSourceMap":{"version":3,"file":"/home/matias/dev/studies/kukac-test/backend/src/api/errors/httpException.ts","sources":["/home/matias/dev/studies/kukac-test/backend/src/api/errors/httpException.ts"],"names":[],"mappings":";;AAAA,MAAqB,aAAc,SAAQ,KAAK;IAG/C,YAAY,MAAc,EAAE,OAAe;QAC1C,KAAK,CAAC,OAAO,CAAC,CAAA;QACd,IAAI,CAAC,MAAM,GAAG,MAAM,CAAA;QACpB,IAAI,CAAC,OAAO,GAAG,OAAO,CAAA;IACvB,CAAC;CACD;AARD,gCAQC","sourcesContent":["export default class HttpException extends Error {\n\tpublic status: number\n\tpublic message: string\n\tconstructor(status: number, message: string) {\n\t\tsuper(message)\n\t\tthis.status = status\n\t\tthis.message = message\n\t}\n}"]},"_coverageSchema":"1a1c01bbd47fc00a2c39e90264f33305004495a9","hash":"023dd8318fc8e878fa00ee3ba72009a3447d1881","contentHash":"5ca47739f3423dd108897bd20a5eb75313b5263489620b650820681ad7ca8f33"},"/home/matias/dev/studies/kukac-test/backend/src/api/middlewares/notFound.ts":{"path":"/home/matias/dev/studies/kukac-test/backend/src/api/middlewares/notFound.ts","statementMap":{"0":{"start":{"line":2,"column":22},"end":{"line":4,"column":1}},"1":{"start":{"line":3,"column":4},"end":{"line":3,"column":62}},"2":{"start":{"line":5,"column":0},"end":{"line":5,"column":62}},"3":{"start":{"line":6,"column":24},"end":{"line":6,"column":75}},"4":{"start":{"line":7,"column":17},"end":{"line":10,"column":1}},"5":{"start":{"line":8,"column":16},"end":{"line":8,"column":70}},"6":{"start":{"line":9,"column":4},"end":{"line":9,"column":14}},"7":{"start":{"line":11,"column":0},"end":{"line":11,"column":27}}},"fnMap":{"0":{"name":"(anonymous_0)","decl":{"start":{"line":2,"column":56},"end":{"line":2,"column":57}},"loc":{"start":{"line":2,"column":71},"end":{"line":4,"column":1}},"line":2},"1":{"name":"(anonymous_1)","decl":{"start":{"line":7,"column":17},"end":{"line":7,"column":18}},"loc":{"start":{"line":7,"column":39},"end":{"line":10,"column":1}},"line":7}},"branchMap":{"0":{"loc":{"start":{"line":2,"column":22},"end":{"line":4,"column":1}},"type":"binary-expr","locations":[{"start":{"line":2,"column":23},"end":{"line":2,"column":27}},{"start":{"line":2,"column":31},"end":{"line":2,"column":51}},{"start":{"line":2,"column":56},"end":{"line":4,"column":1}}],"line":2},"1":{"loc":{"start":{"line":3,"column":11},"end":{"line":3,"column":61}},"type":"cond-expr","locations":[{"start":{"line":3,"column":37},"end":{"line":3,"column":40}},{"start":{"line":3,"column":43},"end":{"line":3,"column":61}}],"line":3},"2":{"loc":{"start":{"line":3,"column":12},"end":{"line":3,"column":33}},"type":"binary-expr","locations":[{"start":{"line":3,"column":12},"end":{"line":3,"column":15}},{"start":{"line":3,"column":19},"end":{"line":3,"column":33}}],"line":3}},"s":{"0":1,"1":1,"2":1,"3":1,"4":1,"5":0,"6":0,"7":1},"f":{"0":1,"1":0},"b":{"0":[1,1,1],"1":[1,0],"2":[1,1]},"inputSourceMap":{"version":3,"file":"/home/matias/dev/studies/kukac-test/backend/src/api/middlewares/notFound.ts","sources":["/home/matias/dev/studies/kukac-test/backend/src/api/middlewares/notFound.ts"],"names":[],"mappings":";;;;;AACA,4EAAmD;AAEnD,MAAM,QAAQ,GAAmB,CAAC,IAAI,EAAE,IAAI,EAAE,IAAI,EAAE,EAAE;IACrD,MAAM,GAAG,GAAG,IAAI,uBAAa,CAAC,GAAG,EAAE,oBAAoB,CAAC,CAAA;IACxD,IAAI,CAAC,GAAG,CAAC,CAAA;AACV,CAAC,CAAA;AAED,kBAAe,QAAQ,CAAA","sourcesContent":["import { RequestHandler } from 'express'\nimport HttpException from '../errors/httpException'\n\nconst notFound: RequestHandler = (_req, _res, next) => {\n\tconst err = new HttpException(404, 'Endpoint not found')\n\tnext(err)\n}\n\nexport default notFound"]},"_coverageSchema":"1a1c01bbd47fc00a2c39e90264f33305004495a9","hash":"7537a050dce33c522636d5b4c5cb361172388bea","contentHash":"0774a46a26f0e6c747743318019540d1d6c51ab80703e77466bb8513d4f11da0"},"/home/matias/dev/studies/kukac-test/backend/src/routes/palyndromeRouter.ts":{"path":"/home/matias/dev/studies/kukac-test/backend/src/routes/palyndromeRouter.ts","statementMap":{"0":{"start":{"line":2,"column":22},"end":{"line":12,"column":3}},"1":{"start":{"line":3,"column":4},"end":{"line":3,"column":33}},"2":{"start":{"line":3,"column":26},"end":{"line":3,"column":33}},"3":{"start":{"line":4,"column":15},"end":{"line":4,"column":52}},"4":{"start":{"line":5,"column":4},"end":{"line":7,"column":5}},"5":{"start":{"line":6,"column":6},"end":{"line":6,"column":68}},"6":{"start":{"line":6,"column":51},"end":{"line":6,"column":63}},"7":{"start":{"line":8,"column":4},"end":{"line":8,"column":39}},"8":{"start":{"line":10,"column":4},"end":{"line":10,"column":33}},"9":{"start":{"line":10,"column":26},"end":{"line":10,"column":33}},"10":{"start":{"line":11,"column":4},"end":{"line":11,"column":17}},"11":{"start":{"line":13,"column":25},"end":{"line":17,"column":2}},"12":{"start":{"line":14,"column":4},"end":{"line":14,"column":72}},"13":{"start":{"line":16,"column":4},"end":{"line":16,"column":21}},"14":{"start":{"line":18,"column":19},"end":{"line":24,"column":1}},"15":{"start":{"line":19,"column":4},"end":{"line":19,"column":42}},"16":{"start":{"line":19,"column":31},"end":{"line":19,"column":42}},"17":{"start":{"line":20,"column":17},"end":{"line":20,"column":19}},"18":{"start":{"line":21,"column":4},"end":{"line":21,"column":141}},"19":{"start":{"line":21,"column":21},"end":{"line":21,"column":141}},"20":{"start":{"line":21,"column":40},"end":{"line":21,"column":141}},"21":{"start":{"line":21,"column":109},"end":{"line":21,"column":141}},"22":{"start":{"line":22,"column":4},"end":{"line":22,"column":36}},"23":{"start":{"line":23,"column":4},"end":{"line":23,"column":18}},"24":{"start":{"line":25,"column":22},"end":{"line":27,"column":1}},"25":{"start":{"line":26,"column":4},"end":{"line":26,"column":62}},"26":{"start":{"line":28,"column":0},"end":{"line":28,"column":62}},"27":{"start":{"line":29,"column":18},"end":{"line":29,"column":53}},"28":{"start":{"line":30,"column":29},"end":{"line":30,"column":92}},"29":{"start":{"line":31,"column":15},"end":{"line":31,"column":41}},"30":{"start":{"line":32,"column":0},"end":{"line":32,"column":52}},"31":{"start":{"line":33,"column":0},"end":{"line":33,"column":25}}},"fnMap":{"0":{"name":"(anonymous_0)","decl":{"start":{"line":2,"column":74},"end":{"line":2,"column":75}},"loc":{"start":{"line":2,"column":96},"end":{"line":9,"column":1}},"line":2},"1":{"name":"(anonymous_1)","decl":{"start":{"line":6,"column":38},"end":{"line":6,"column":39}},"loc":{"start":{"line":6,"column":49},"end":{"line":6,"column":65}},"line":6},"2":{"name":"(anonymous_2)","decl":{"start":{"line":9,"column":6},"end":{"line":9,"column":7}},"loc":{"start":{"line":9,"column":28},"end":{"line":12,"column":1}},"line":9},"3":{"name":"(anonymous_3)","decl":{"start":{"line":13,"column":80},"end":{"line":13,"column":81}},"loc":{"start":{"line":13,"column":95},"end":{"line":15,"column":1}},"line":13},"4":{"name":"(anonymous_4)","decl":{"start":{"line":15,"column":5},"end":{"line":15,"column":6}},"loc":{"start":{"line":15,"column":20},"end":{"line":17,"column":1}},"line":15},"5":{"name":"(anonymous_5)","decl":{"start":{"line":18,"column":50},"end":{"line":18,"column":51}},"loc":{"start":{"line":18,"column":65},"end":{"line":24,"column":1}},"line":18},"6":{"name":"(anonymous_6)","decl":{"start":{"line":25,"column":56},"end":{"line":25,"column":57}},"loc":{"start":{"line":25,"column":71},"end":{"line":27,"column":1}},"line":25}},"branchMap":{"0":{"loc":{"start":{"line":2,"column":22},"end":{"line":12,"column":3}},"type":"binary-expr","locations":[{"start":{"line":2,"column":23},"end":{"line":2,"column":27}},{"start":{"line":2,"column":31},"end":{"line":2,"column":51}},{"start":{"line":2,"column":57},"end":{"line":12,"column":2}}],"line":2},"1":{"loc":{"start":{"line":2,"column":57},"end":{"line":12,"column":2}},"type":"cond-expr","locations":[{"start":{"line":2,"column":74},"end":{"line":9,"column":1}},{"start":{"line":9,"column":6},"end":{"line":12,"column":1}}],"line":2},"2":{"loc":{"start":{"line":3,"column":4},"end":{"line":3,"column":33}},"type":"if","locations":[{"start":{"line":3,"column":4},"end":{"line":3,"column":33}},{"start":{"line":3,"column":4},"end":{"line":3,"column":33}}],"line":3},"3":{"loc":{"start":{"line":5,"column":4},"end":{"line":7,"column":5}},"type":"if","locations":[{"start":{"line":5,"column":4},"end":{"line":7,"column":5}},{"start":{"line":5,"column":4},"end":{"line":7,"column":5}}],"line":5},"4":{"loc":{"start":{"line":5,"column":8},"end":{"line":5,"column":85}},"type":"binary-expr","locations":[{"start":{"line":5,"column":8},"end":{"line":5,"column":13}},{"start":{"line":5,"column":18},"end":{"line":5,"column":84}}],"line":5},"5":{"loc":{"start":{"line":5,"column":18},"end":{"line":5,"column":84}},"type":"cond-expr","locations":[{"start":{"line":5,"column":34},"end":{"line":5,"column":47}},{"start":{"line":5,"column":50},"end":{"line":5,"column":84}}],"line":5},"6":{"loc":{"start":{"line":5,"column":50},"end":{"line":5,"column":84}},"type":"binary-expr","locations":[{"start":{"line":5,"column":50},"end":{"line":5,"column":63}},{"start":{"line":5,"column":67},"end":{"line":5,"column":84}}],"line":5},"7":{"loc":{"start":{"line":10,"column":4},"end":{"line":10,"column":33}},"type":"if","locations":[{"start":{"line":10,"column":4},"end":{"line":10,"column":33}},{"start":{"line":10,"column":4},"end":{"line":10,"column":33}}],"line":10},"8":{"loc":{"start":{"line":13,"column":25},"end":{"line":17,"column":2}},"type":"binary-expr","locations":[{"start":{"line":13,"column":26},"end":{"line":13,"column":30}},{"start":{"line":13,"column":34},"end":{"line":13,"column":57}},{"start":{"line":13,"column":63},"end":{"line":17,"column":1}}],"line":13},"9":{"loc":{"start":{"line":13,"column":63},"end":{"line":17,"column":1}},"type":"cond-expr","locations":[{"start":{"line":13,"column":80},"end":{"line":15,"column":1}},{"start":{"line":15,"column":5},"end":{"line":17,"column":1}}],"line":13},"10":{"loc":{"start":{"line":18,"column":19},"end":{"line":24,"column":1}},"type":"binary-expr","locations":[{"start":{"line":18,"column":20},"end":{"line":18,"column":24}},{"start":{"line":18,"column":28},"end":{"line":18,"column":45}},{"start":{"line":18,"column":50},"end":{"line":24,"column":1}}],"line":18},"11":{"loc":{"start":{"line":19,"column":4},"end":{"line":19,"column":42}},"type":"if","locations":[{"start":{"line":19,"column":4},"end":{"line":19,"column":42}},{"start":{"line":19,"column":4},"end":{"line":19,"column":42}}],"line":19},"12":{"loc":{"start":{"line":19,"column":8},"end":{"line":19,"column":29}},"type":"binary-expr","locations":[{"start":{"line":19,"column":8},"end":{"line":19,"column":11}},{"start":{"line":19,"column":15},"end":{"line":19,"column":29}}],"line":19},"13":{"loc":{"start":{"line":21,"column":4},"end":{"line":21,"column":141}},"type":"if","locations":[{"start":{"line":21,"column":4},"end":{"line":21,"column":141}},{"start":{"line":21,"column":4},"end":{"line":21,"column":141}}],"line":21},"14":{"loc":{"start":{"line":21,"column":40},"end":{"line":21,"column":141}},"type":"if","locations":[{"start":{"line":21,"column":40},"end":{"line":21,"column":141}},{"start":{"line":21,"column":40},"end":{"line":21,"column":141}}],"line":21},"15":{"loc":{"start":{"line":21,"column":44},"end":{"line":21,"column":107}},"type":"binary-expr","locations":[{"start":{"line":21,"column":44},"end":{"line":21,"column":59}},{"start":{"line":21,"column":63},"end":{"line":21,"column":107}}],"line":21},"16":{"loc":{"start":{"line":25,"column":22},"end":{"line":27,"column":1}},"type":"binary-expr","locations":[{"start":{"line":25,"column":23},"end":{"line":25,"column":27}},{"start":{"line":25,"column":31},"end":{"line":25,"column":51}},{"start":{"line":25,"column":56},"end":{"line":27,"column":1}}],"line":25},"17":{"loc":{"start":{"line":26,"column":11},"end":{"line":26,"column":61}},"type":"cond-expr","locations":[{"start":{"line":26,"column":37},"end":{"line":26,"column":40}},{"start":{"line":26,"column":43},"end":{"line":26,"column":61}}],"line":26},"18":{"loc":{"start":{"line":26,"column":12},"end":{"line":26,"column":33}},"type":"binary-expr","locations":[{"start":{"line":26,"column":12},"end":{"line":26,"column":15}},{"start":{"line":26,"column":19},"end":{"line":26,"column":33}}],"line":26}},"s":{"0":1,"1":0,"2":0,"3":0,"4":0,"5":0,"6":0,"7":0,"8":0,"9":0,"10":0,"11":1,"12":0,"13":0,"14":1,"15":1,"16":1,"17":0,"18":0,"19":0,"20":0,"21":0,"22":0,"23":0,"24":1,"25":1,"26":1,"27":1,"28":1,"29":1,"30":1,"31":1},"f":{"0":0,"1":0,"2":0,"3":0,"4":0,"5":1,"6":1},"b":{"0":[1,1,1],"1":[1,0],"2":[0,0],"3":[0,0],"4":[0,0],"5":[0,0],"6":[0,0],"7":[0,0],"8":[1,1,1],"9":[1,0],"10":[1,1,1],"11":[1,0],"12":[1,1],"13":[0,0],"14":[0,0],"15":[0,0],"16":[1,1,1],"17":[0,1],"18":[1,1]},"inputSourceMap":{"version":3,"file":"/home/matias/dev/studies/kukac-test/backend/src/routes/palyndromeRouter.ts","sources":["/home/matias/dev/studies/kukac-test/backend/src/routes/palyndromeRouter.ts"],"names":[],"mappings":";;;;;;;;;;;;;;;;;;;;;;;;;;;;AAAA,sDAA6B;AAC7B,6FAA8E;AAE9E,MAAM,MAAM,GAAG,iBAAO,CAAC,MAAM,EAAE,CAAA;AAE/B,MAAM,CAAC,IAAI,CAAC,GAAG,EAAE,oBAAoB,CAAC,YAAY,CAAC,CAAA;AAEnD,kBAAe,MAAM,CAAA","sourcesContent":["import express from 'express'\nimport * as PalyndromeController from '../api/controller/palyndromeController'\n\nconst router = express.Router()\n\nrouter.post('/', PalyndromeController.isPalyndrome)\n\nexport default router"]},"_coverageSchema":"1a1c01bbd47fc00a2c39e90264f33305004495a9","hash":"117328313685422db9bdd73af6308c28696e57e1","contentHash":"974f9c7e798a2e19eedeb3f9246ebcd16f78d1708a03c3578218cf59c188d397"},"/home/matias/dev/studies/kukac-test/backend/src/api/controller/palyndromeController.ts":{"path":"/home/matias/dev/studies/kukac-test/backend/src/api/controller/palyndromeController.ts","statementMap":{"0":{"start":{"line":2,"column":16},"end":{"line":10,"column":1}},"1":{"start":{"line":3,"column":28},"end":{"line":3,"column":110}},"2":{"start":{"line":3,"column":91},"end":{"line":3,"column":106}},"3":{"start":{"line":4,"column":4},"end":{"line":9,"column":7}},"4":{"start":{"line":5,"column":36},"end":{"line":5,"column":97}},"5":{"start":{"line":5,"column":42},"end":{"line":5,"column":70}},"6":{"start":{"line":5,"column":85},"end":{"line":5,"column":95}},"7":{"start":{"line":6,"column":35},"end":{"line":6,"column":100}},"8":{"start":{"line":6,"column":41},"end":{"line":6,"column":73}},"9":{"start":{"line":6,"column":88},"end":{"line":6,"column":98}},"10":{"start":{"line":7,"column":32},"end":{"line":7,"column":116}},"11":{"start":{"line":8,"column":8},"end":{"line":8,"column":78}},"12":{"start":{"line":11,"column":22},"end":{"line":13,"column":1}},"13":{"start":{"line":12,"column":4},"end":{"line":12,"column":62}},"14":{"start":{"line":14,"column":0},"end":{"line":14,"column":62}},"15":{"start":{"line":15,"column":0},"end":{"line":15,"column":30}},"16":{"start":{"line":16,"column":24},"end":{"line":16,"column":75}},"17":{"start":{"line":17,"column":21},"end":{"line":45,"column":2}},"18":{"start":{"line":17,"column":41},"end":{"line":45,"column":2}},"19":{"start":{"line":18,"column":27},"end":{"line":18,"column":35}},"20":{"start":{"line":19,"column":4},"end":{"line":44,"column":5}},"21":{"start":{"line":20,"column":8},"end":{"line":21,"column":83}},"22":{"start":{"line":21,"column":12},"end":{"line":21,"column":83}},"23":{"start":{"line":22,"column":8},"end":{"line":23,"column":77}},"24":{"start":{"line":23,"column":12},"end":{"line":23,"column":77}},"25":{"start":{"line":24,"column":8},"end":{"line":25,"column":78}},"26":{"start":{"line":25,"column":12},"end":{"line":25,"column":78}},"27":{"start":{"line":26,"column":8},"end":{"line":27,"column":86}},"28":{"start":{"line":27,"column":12},"end":{"line":27,"column":86}},"29":{"start":{"line":28,"column":8},"end":{"line":29,"column":83}},"30":{"start":{"line":29,"column":12},"end":{"line":29,"column":83}},"31":{"start":{"line":30,"column":8},"end":{"line":31,"column":98}},"32":{"start":{"line":31,"column":12},"end":{"line":31,"column":98}},"33":{"start":{"line":32,"column":23},"end":{"line":32,"column":25}},"34":{"start":{"line":33,"column":8},"end":{"line":39,"column":9}},"35":{"start":{"line":33,"column":21},"end":{"line":33,"column":26}},"36":{"start":{"line":34,"column":32},"end":{"line":34,"column":41}},"37":{"start":{"line":35,"column":32},"end":{"line":35,"column":72}},"38":{"start":{"line":36,"column":12},"end":{"line":38,"column":13}},"39":{"start":{"line":37,"column":16},"end":{"line":37,"column":31}},"40":{"start":{"line":40,"column":8},"end":{"line":40,"column":44}},"41":{"start":{"line":43,"column":8},"end":{"line":43,"column":20}},"42":{"start":{"line":46,"column":0},"end":{"line":46,"column":36}}},"fnMap":{"0":{"name":"(anonymous_0)","decl":{"start":{"line":2,"column":44},"end":{"line":2,"column":45}},"loc":{"start":{"line":2,"column":89},"end":{"line":10,"column":1}},"line":2},"1":{"name":"adopt","decl":{"start":{"line":3,"column":13},"end":{"line":3,"column":18}},"loc":{"start":{"line":3,"column":26},"end":{"line":3,"column":112}},"line":3},"2":{"name":"(anonymous_2)","decl":{"start":{"line":3,"column":70},"end":{"line":3,"column":71}},"loc":{"start":{"line":3,"column":89},"end":{"line":3,"column":108}},"line":3},"3":{"name":"(anonymous_3)","decl":{"start":{"line":4,"column":36},"end":{"line":4,"column":37}},"loc":{"start":{"line":4,"column":63},"end":{"line":9,"column":5}},"line":4},"4":{"name":"fulfilled","decl":{"start":{"line":5,"column":17},"end":{"line":5,"column":26}},"loc":{"start":{"line":5,"column":34},"end":{"line":5,"column":99}},"line":5},"5":{"name":"rejected","decl":{"start":{"line":6,"column":17},"end":{"line":6,"column":25}},"loc":{"start":{"line":6,"column":33},"end":{"line":6,"column":102}},"line":6},"6":{"name":"step","decl":{"start":{"line":7,"column":17},"end":{"line":7,"column":21}},"loc":{"start":{"line":7,"column":30},"end":{"line":7,"column":118}},"line":7},"7":{"name":"(anonymous_7)","decl":{"start":{"line":11,"column":56},"end":{"line":11,"column":57}},"loc":{"start":{"line":11,"column":71},"end":{"line":13,"column":1}},"line":11},"8":{"name":"(anonymous_8)","decl":{"start":{"line":17,"column":21},"end":{"line":17,"column":22}},"loc":{"start":{"line":17,"column":41},"end":{"line":45,"column":2}},"line":17},"9":{"name":"(anonymous_9)","decl":{"start":{"line":17,"column":75},"end":{"line":17,"column":76}},"loc":{"start":{"line":17,"column":88},"end":{"line":45,"column":1}},"line":17}},"branchMap":{"0":{"loc":{"start":{"line":2,"column":16},"end":{"line":10,"column":1}},"type":"binary-expr","locations":[{"start":{"line":2,"column":17},"end":{"line":2,"column":21}},{"start":{"line":2,"column":25},"end":{"line":2,"column":39}},{"start":{"line":2,"column":44},"end":{"line":10,"column":1}}],"line":2},"1":{"loc":{"start":{"line":3,"column":35},"end":{"line":3,"column":109}},"type":"cond-expr","locations":[{"start":{"line":3,"column":56},"end":{"line":3,"column":61}},{"start":{"line":3,"column":64},"end":{"line":3,"column":109}}],"line":3},"2":{"loc":{"start":{"line":4,"column":16},"end":{"line":4,"column":34}},"type":"binary-expr","locations":[{"start":{"line":4,"column":16},"end":{"line":4,"column":17}},{"start":{"line":4,"column":22},"end":{"line":4,"column":33}}],"line":4},"3":{"loc":{"start":{"line":7,"column":32},"end":{"line":7,"column":115}},"type":"cond-expr","locations":[{"start":{"line":7,"column":46},"end":{"line":7,"column":67}},{"start":{"line":7,"column":70},"end":{"line":7,"column":115}}],"line":7},"4":{"loc":{"start":{"line":8,"column":51},"end":{"line":8,"column":67}},"type":"binary-expr","locations":[{"start":{"line":8,"column":51},"end":{"line":8,"column":61}},{"start":{"line":8,"column":65},"end":{"line":8,"column":67}}],"line":8},"5":{"loc":{"start":{"line":11,"column":22},"end":{"line":13,"column":1}},"type":"binary-expr","locations":[{"start":{"line":11,"column":23},"end":{"line":11,"column":27}},{"start":{"line":11,"column":31},"end":{"line":11,"column":51}},{"start":{"line":11,"column":56},"end":{"line":13,"column":1}}],"line":11},"6":{"loc":{"start":{"line":12,"column":11},"end":{"line":12,"column":61}},"type":"cond-expr","locations":[{"start":{"line":12,"column":37},"end":{"line":12,"column":40}},{"start":{"line":12,"column":43},"end":{"line":12,"column":61}}],"line":12},"7":{"loc":{"start":{"line":12,"column":12},"end":{"line":12,"column":33}},"type":"binary-expr","locations":[{"start":{"line":12,"column":12},"end":{"line":12,"column":15}},{"start":{"line":12,"column":19},"end":{"line":12,"column":33}}],"line":12},"8":{"loc":{"start":{"line":20,"column":8},"end":{"line":21,"column":83}},"type":"if","locations":[{"start":{"line":20,"column":8},"end":{"line":21,"column":83}},{"start":{"line":20,"column":8},"end":{"line":21,"column":83}}],"line":20},"9":{"loc":{"start":{"line":20,"column":12},"end":{"line":20,"column":26}},"type":"binary-expr","locations":[{"start":{"line":20,"column":12},"end":{"line":20,"column":18}},{"start":{"line":20,"column":22},"end":{"line":20,"column":26}}],"line":20},"10":{"loc":{"start":{"line":22,"column":8},"end":{"line":23,"column":77}},"type":"if","locations":[{"start":{"line":22,"column":8},"end":{"line":23,"column":77}},{"start":{"line":22,"column":8},"end":{"line":23,"column":77}}],"line":22},"11":{"loc":{"start":{"line":22,"column":12},"end":{"line":22,"column":64}},"type":"binary-expr","locations":[{"start":{"line":22,"column":12},"end":{"line":22,"column":37}},{"start":{"line":22,"column":41},"end":{"line":22,"column":64}}],"line":22},"12":{"loc":{"start":{"line":24,"column":8},"end":{"line":25,"column":78}},"type":"if","locations":[{"start":{"line":24,"column":8},"end":{"line":25,"column":78}},{"start":{"line":24,"column":8},"end":{"line":25,"column":78}}],"line":24},"13":{"loc":{"start":{"line":24,"column":12},"end":{"line":24,"column":62}},"type":"binary-expr","locations":[{"start":{"line":24,"column":12},"end":{"line":24,"column":36}},{"start":{"line":24,"column":40},"end":{"line":24,"column":62}}],"line":24},"14":{"loc":{"start":{"line":26,"column":8},"end":{"line":27,"column":86}},"type":"if","locations":[{"start":{"line":26,"column":8},"end":{"line":27,"column":86}},{"start":{"line":26,"column":8},"end":{"line":27,"column":86}}],"line":26},"15":{"loc":{"start":{"line":26,"column":12},"end":{"line":26,"column":32}},"type":"binary-expr","locations":[{"start":{"line":26,"column":12},"end":{"line":26,"column":21}},{"start":{"line":26,"column":25},"end":{"line":26,"column":32}}],"line":26},"16":{"loc":{"start":{"line":28,"column":8},"end":{"line":29,"column":83}},"type":"if","locations":[{"start":{"line":28,"column":8},"end":{"line":29,"column":83}},{"start":{"line":28,"column":8},"end":{"line":29,"column":83}}],"line":28},"17":{"loc":{"start":{"line":30,"column":8},"end":{"line":31,"column":98}},"type":"if","locations":[{"start":{"line":30,"column":8},"end":{"line":31,"column":98}},{"start":{"line":30,"column":8},"end":{"line":31,"column":98}}],"line":30},"18":{"loc":{"start":{"line":36,"column":12},"end":{"line":38,"column":13}},"type":"if","locations":[{"start":{"line":36,"column":12},"end":{"line":38,"column":13}},{"start":{"line":36,"column":12},"end":{"line":38,"column":13}}],"line":36}},"s":{"0":1,"1":0,"2":0,"3":7,"4":0,"5":0,"6":0,"7":0,"8":0,"9":0,"10":7,"11":7,"12":1,"13":1,"14":1,"15":1,"16":1,"17":1,"18":7,"19":7,"20":7,"21":7,"22":1,"23":6,"24":1,"25":5,"26":1,"27":4,"28":1,"29":3,"30":1,"31":2,"32":1,"33":1,"34":1,"35":1,"36":206,"37":206,"38":206,"39":30,"40":1,"41":6,"42":1},"f":{"0":7,"1":0,"2":0,"3":7,"4":0,"5":0,"6":7,"7":1,"8":7,"9":7},"b":{"0":[1,1,1],"1":[0,0],"2":[7,7],"3":[7,0],"4":[7,7],"5":[1,1,1],"6":[1,0],"7":[1,1],"8":[1,6],"9":[7,2],"10":[1,5],"11":[6,5],"12":[1,4],"13":[5,4],"14":[1,3],"15":[4,3],"16":[1,2],"17":[1,1],"18":[30,176]},"inputSourceMap":{"version":3,"file":"/home/matias/dev/studies/kukac-test/backend/src/api/controller/palyndromeController.ts","sources":["/home/matias/dev/studies/kukac-test/backend/src/api/controller/palyndromeController.ts"],"names":[],"mappings":";;;;;;;;;;;;;;;AACA,4EAAoD;AAE7C,MAAM,YAAY,GAAmB,CAAO,GAAG,EAAE,GAAG,EAAE,IAAI,EAAE,EAAE;IACpE,MAAM,EAAE,KAAK,EAAE,GAAG,EAAE,GAAG,GAAG,CAAC,IAAI,CAAA;IAE/B,IAAI;QACH,IAAI,CAAC,KAAK,IAAI,CAAC,GAAG;YAAE,MAAM,IAAI,uBAAa,CAAC,GAAG,EAAE,8BAA8B,CAAC,CAAA;QAEhF,IAAI,OAAO,KAAK,KAAK,QAAQ,IAAI,OAAO,GAAG,KAAK,QAAQ;YACvD,MAAM,IAAI,uBAAa,CAAC,GAAG,EAAE,wBAAwB,CAAC,CAAA;QAEvD,IAAI,CAAC,MAAM,CAAC,SAAS,CAAC,KAAK,CAAC,IAAI,CAAC,MAAM,CAAC,SAAS,CAAC,GAAG,CAAC;YACrD,MAAM,IAAI,uBAAa,CAAC,GAAG,EAAE,yBAAyB,CAAC,CAAA;QAExD,IAAI,KAAK,GAAG,CAAC,IAAI,GAAG,GAAG,CAAC;YACvB,MAAM,IAAI,uBAAa,CAAC,GAAG,EAAE,iCAAiC,CAAC,CAAA;QAEhE,IAAI,KAAK,KAAK,GAAG;YAChB,MAAM,IAAI,uBAAa,CAAC,GAAG,EAAE,8BAA8B,CAAC,CAAA;QAE7D,IAAI,KAAK,GAAG,GAAG;YACd,MAAM,IAAI,uBAAa,CAAC,GAAG,EAAE,6CAA6C,CAAC,CAAA;QAE5E,MAAM,MAAM,GAAG,EAAE,CAAA;QAEjB,KAAK,IAAI,CAAC,GAAG,KAAK,EAAE,CAAC,IAAI,GAAG,EAAE,CAAC,EAAE,EAAE;YAClC,MAAM,WAAW,GAAG,MAAM,CAAC,CAAC,CAAC,CAAA;YAC7B,MAAM,WAAW,GAAG,WAAW,CAAC,KAAK,CAAC,EAAE,CAAC,CAAC,OAAO,EAAE,CAAC,IAAI,CAAC,EAAE,CAAC,CAAA;YAC5D,IAAI,WAAW,IAAI,WAAW,EAAE;gBAC/B,MAAM,CAAC,IAAI,CAAC,CAAC,CAAC,CAAA;aACd;SACD;QACD,OAAO,GAAG,CAAC,MAAM,CAAC,GAAG,CAAC,CAAC,IAAI,CAAC,MAAM,CAAC,CAAA;KACnC;IAAC,OAAO,KAAK,EAAE;QACf,IAAI,CAAC,KAAK,CAAC,CAAA;KACX;AACF,CAAC,CAAA,CAAA;AAlCY,QAAA,YAAY,gBAkCxB","sourcesContent":["import { RequestHandler } from 'express'\nimport HttpException  from '../errors/httpException'\n\nexport const isPalyndrome: RequestHandler = async (req, res, next) => {\n\tconst { start, end } = req.body\n\n\ttry {\n\t\tif (!start && !end) throw new HttpException(400, 'Both inputs must be provided')\n\n\t\tif (typeof start !== 'number' || typeof end !== 'number')\n\t\t\tthrow new HttpException(400, 'Inputs must be numbers')\n\n\t\tif (!Number.isInteger(start) || !Number.isInteger(end))\n\t\t\tthrow new HttpException(400, 'Inputs must be integers')\n\n\t\tif (start < 0 || end < 0 )\n\t\t\tthrow new HttpException(400, 'Inputs must be positive numbers')\n\n\t\tif (start === end)\n\t\t\tthrow new HttpException(400, 'Inputs must be a valid range')\n\n\t\tif (start > end)\n\t\t\tthrow new HttpException(400, 'The first number must be less than the last')\n\n\t\tconst result = []\n\n\t\tfor (let i = start; i <= end; i++) {\n\t\t\tconst numToString = String(i)\n\t\t\tconst reversedNum = numToString.split('').reverse().join('')\n\t\t\tif (numToString == reversedNum) {\n\t\t\t\tresult.push(i)\n\t\t\t}\n\t\t}\n\t\treturn res.status(200).json(result)\n\t} catch (error) {\n\t\tnext(error)\n\t}\n}"]},"_coverageSchema":"1a1c01bbd47fc00a2c39e90264f33305004495a9","hash":"525e952333a12d6db60382e7e5849b9f2e07fa35","contentHash":"37e715373aeb4d18a9ae4370f5d4d19cb1b1f5c71a87ccee8be6fba12166900e"},"/home/matias/dev/studies/kukac-test/backend/src/routes/changeRouter.ts":{"path":"/home/matias/dev/studies/kukac-test/backend/src/routes/changeRouter.ts","statementMap":{"0":{"start":{"line":2,"column":22},"end":{"line":12,"column":3}},"1":{"start":{"line":3,"column":4},"end":{"line":3,"column":33}},"2":{"start":{"line":3,"column":26},"end":{"line":3,"column":33}},"3":{"start":{"line":4,"column":15},"end":{"line":4,"column":52}},"4":{"start":{"line":5,"column":4},"end":{"line":7,"column":5}},"5":{"start":{"line":6,"column":6},"end":{"line":6,"column":68}},"6":{"start":{"line":6,"column":51},"end":{"line":6,"column":63}},"7":{"start":{"line":8,"column":4},"end":{"line":8,"column":39}},"8":{"start":{"line":10,"column":4},"end":{"line":10,"column":33}},"9":{"start":{"line":10,"column":26},"end":{"line":10,"column":33}},"10":{"start":{"line":11,"column":4},"end":{"line":11,"column":17}},"11":{"start":{"line":13,"column":25},"end":{"line":17,"column":2}},"12":{"start":{"line":14,"column":4},"end":{"line":14,"column":72}},"13":{"start":{"line":16,"column":4},"end":{"line":16,"column":21}},"14":{"start":{"line":18,"column":19},"end":{"line":24,"column":1}},"15":{"start":{"line":19,"column":4},"end":{"line":19,"column":42}},"16":{"start":{"line":19,"column":31},"end":{"line":19,"column":42}},"17":{"start":{"line":20,"column":17},"end":{"line":20,"column":19}},"18":{"start":{"line":21,"column":4},"end":{"line":21,"column":141}},"19":{"start":{"line":21,"column":21},"end":{"line":21,"column":141}},"20":{"start":{"line":21,"column":40},"end":{"line":21,"column":141}},"21":{"start":{"line":21,"column":109},"end":{"line":21,"column":141}},"22":{"start":{"line":22,"column":4},"end":{"line":22,"column":36}},"23":{"start":{"line":23,"column":4},"end":{"line":23,"column":18}},"24":{"start":{"line":25,"column":22},"end":{"line":27,"column":1}},"25":{"start":{"line":26,"column":4},"end":{"line":26,"column":62}},"26":{"start":{"line":28,"column":0},"end":{"line":28,"column":62}},"27":{"start":{"line":29,"column":18},"end":{"line":29,"column":53}},"28":{"start":{"line":30,"column":25},"end":{"line":30,"column":84}},"29":{"start":{"line":31,"column":15},"end":{"line":31,"column":41}},"30":{"start":{"line":32,"column":0},"end":{"line":32,"column":49}},"31":{"start":{"line":33,"column":0},"end":{"line":33,"column":25}}},"fnMap":{"0":{"name":"(anonymous_0)","decl":{"start":{"line":2,"column":74},"end":{"line":2,"column":75}},"loc":{"start":{"line":2,"column":96},"end":{"line":9,"column":1}},"line":2},"1":{"name":"(anonymous_1)","decl":{"start":{"line":6,"column":38},"end":{"line":6,"column":39}},"loc":{"start":{"line":6,"column":49},"end":{"line":6,"column":65}},"line":6},"2":{"name":"(anonymous_2)","decl":{"start":{"line":9,"column":6},"end":{"line":9,"column":7}},"loc":{"start":{"line":9,"column":28},"end":{"line":12,"column":1}},"line":9},"3":{"name":"(anonymous_3)","decl":{"start":{"line":13,"column":80},"end":{"line":13,"column":81}},"loc":{"start":{"line":13,"column":95},"end":{"line":15,"column":1}},"line":13},"4":{"name":"(anonymous_4)","decl":{"start":{"line":15,"column":5},"end":{"line":15,"column":6}},"loc":{"start":{"line":15,"column":20},"end":{"line":17,"column":1}},"line":15},"5":{"name":"(anonymous_5)","decl":{"start":{"line":18,"column":50},"end":{"line":18,"column":51}},"loc":{"start":{"line":18,"column":65},"end":{"line":24,"column":1}},"line":18},"6":{"name":"(anonymous_6)","decl":{"start":{"line":25,"column":56},"end":{"line":25,"column":57}},"loc":{"start":{"line":25,"column":71},"end":{"line":27,"column":1}},"line":25}},"branchMap":{"0":{"loc":{"start":{"line":2,"column":22},"end":{"line":12,"column":3}},"type":"binary-expr","locations":[{"start":{"line":2,"column":23},"end":{"line":2,"column":27}},{"start":{"line":2,"column":31},"end":{"line":2,"column":51}},{"start":{"line":2,"column":57},"end":{"line":12,"column":2}}],"line":2},"1":{"loc":{"start":{"line":2,"column":57},"end":{"line":12,"column":2}},"type":"cond-expr","locations":[{"start":{"line":2,"column":74},"end":{"line":9,"column":1}},{"start":{"line":9,"column":6},"end":{"line":12,"column":1}}],"line":2},"2":{"loc":{"start":{"line":3,"column":4},"end":{"line":3,"column":33}},"type":"if","locations":[{"start":{"line":3,"column":4},"end":{"line":3,"column":33}},{"start":{"line":3,"column":4},"end":{"line":3,"column":33}}],"line":3},"3":{"loc":{"start":{"line":5,"column":4},"end":{"line":7,"column":5}},"type":"if","locations":[{"start":{"line":5,"column":4},"end":{"line":7,"column":5}},{"start":{"line":5,"column":4},"end":{"line":7,"column":5}}],"line":5},"4":{"loc":{"start":{"line":5,"column":8},"end":{"line":5,"column":85}},"type":"binary-expr","locations":[{"start":{"line":5,"column":8},"end":{"line":5,"column":13}},{"start":{"line":5,"column":18},"end":{"line":5,"column":84}}],"line":5},"5":{"loc":{"start":{"line":5,"column":18},"end":{"line":5,"column":84}},"type":"cond-expr","locations":[{"start":{"line":5,"column":34},"end":{"line":5,"column":47}},{"start":{"line":5,"column":50},"end":{"line":5,"column":84}}],"line":5},"6":{"loc":{"start":{"line":5,"column":50},"end":{"line":5,"column":84}},"type":"binary-expr","locations":[{"start":{"line":5,"column":50},"end":{"line":5,"column":63}},{"start":{"line":5,"column":67},"end":{"line":5,"column":84}}],"line":5},"7":{"loc":{"start":{"line":10,"column":4},"end":{"line":10,"column":33}},"type":"if","locations":[{"start":{"line":10,"column":4},"end":{"line":10,"column":33}},{"start":{"line":10,"column":4},"end":{"line":10,"column":33}}],"line":10},"8":{"loc":{"start":{"line":13,"column":25},"end":{"line":17,"column":2}},"type":"binary-expr","locations":[{"start":{"line":13,"column":26},"end":{"line":13,"column":30}},{"start":{"line":13,"column":34},"end":{"line":13,"column":57}},{"start":{"line":13,"column":63},"end":{"line":17,"column":1}}],"line":13},"9":{"loc":{"start":{"line":13,"column":63},"end":{"line":17,"column":1}},"type":"cond-expr","locations":[{"start":{"line":13,"column":80},"end":{"line":15,"column":1}},{"start":{"line":15,"column":5},"end":{"line":17,"column":1}}],"line":13},"10":{"loc":{"start":{"line":18,"column":19},"end":{"line":24,"column":1}},"type":"binary-expr","locations":[{"start":{"line":18,"column":20},"end":{"line":18,"column":24}},{"start":{"line":18,"column":28},"end":{"line":18,"column":45}},{"start":{"line":18,"column":50},"end":{"line":24,"column":1}}],"line":18},"11":{"loc":{"start":{"line":19,"column":4},"end":{"line":19,"column":42}},"type":"if","locations":[{"start":{"line":19,"column":4},"end":{"line":19,"column":42}},{"start":{"line":19,"column":4},"end":{"line":19,"column":42}}],"line":19},"12":{"loc":{"start":{"line":19,"column":8},"end":{"line":19,"column":29}},"type":"binary-expr","locations":[{"start":{"line":19,"column":8},"end":{"line":19,"column":11}},{"start":{"line":19,"column":15},"end":{"line":19,"column":29}}],"line":19},"13":{"loc":{"start":{"line":21,"column":4},"end":{"line":21,"column":141}},"type":"if","locations":[{"start":{"line":21,"column":4},"end":{"line":21,"column":141}},{"start":{"line":21,"column":4},"end":{"line":21,"column":141}}],"line":21},"14":{"loc":{"start":{"line":21,"column":40},"end":{"line":21,"column":141}},"type":"if","locations":[{"start":{"line":21,"column":40},"end":{"line":21,"column":141}},{"start":{"line":21,"column":40},"end":{"line":21,"column":141}}],"line":21},"15":{"loc":{"start":{"line":21,"column":44},"end":{"line":21,"column":107}},"type":"binary-expr","locations":[{"start":{"line":21,"column":44},"end":{"line":21,"column":59}},{"start":{"line":21,"column":63},"end":{"line":21,"column":107}}],"line":21},"16":{"loc":{"start":{"line":25,"column":22},"end":{"line":27,"column":1}},"type":"binary-expr","locations":[{"start":{"line":25,"column":23},"end":{"line":25,"column":27}},{"start":{"line":25,"column":31},"end":{"line":25,"column":51}},{"start":{"line":25,"column":56},"end":{"line":27,"column":1}}],"line":25},"17":{"loc":{"start":{"line":26,"column":11},"end":{"line":26,"column":61}},"type":"cond-expr","locations":[{"start":{"line":26,"column":37},"end":{"line":26,"column":40}},{"start":{"line":26,"column":43},"end":{"line":26,"column":61}}],"line":26},"18":{"loc":{"start":{"line":26,"column":12},"end":{"line":26,"column":33}},"type":"binary-expr","locations":[{"start":{"line":26,"column":12},"end":{"line":26,"column":15}},{"start":{"line":26,"column":19},"end":{"line":26,"column":33}}],"line":26}},"s":{"0":1,"1":0,"2":0,"3":0,"4":0,"5":0,"6":0,"7":0,"8":0,"9":0,"10":0,"11":1,"12":0,"13":0,"14":1,"15":1,"16":1,"17":0,"18":0,"19":0,"20":0,"21":0,"22":0,"23":0,"24":1,"25":1,"26":1,"27":1,"28":1,"29":1,"30":1,"31":1},"f":{"0":0,"1":0,"2":0,"3":0,"4":0,"5":1,"6":1},"b":{"0":[1,1,1],"1":[1,0],"2":[0,0],"3":[0,0],"4":[0,0],"5":[0,0],"6":[0,0],"7":[0,0],"8":[1,1,1],"9":[1,0],"10":[1,1,1],"11":[1,0],"12":[1,1],"13":[0,0],"14":[0,0],"15":[0,0],"16":[1,1,1],"17":[0,1],"18":[1,1]},"inputSourceMap":{"version":3,"file":"/home/matias/dev/studies/kukac-test/backend/src/routes/changeRouter.ts","sources":["/home/matias/dev/studies/kukac-test/backend/src/routes/changeRouter.ts"],"names":[],"mappings":";;;;;;;;;;;;;;;;;;;;;;;;;;;;AAAA,sDAA6B;AAC7B,qFAAsE;AAEtE,MAAM,MAAM,GAAG,iBAAO,CAAC,MAAM,EAAE,CAAA;AAE/B,MAAM,CAAC,IAAI,CAAC,GAAG,EAAE,gBAAgB,CAAC,aAAa,CAAC,CAAA;AAEhD,kBAAe,MAAM,CAAA","sourcesContent":["import express from 'express'\nimport * as ChangeController from '../api/controller/changeController'\n\nconst router = express.Router()\n\nrouter.post('/', ChangeController.changeChecker)\n\nexport default router"]},"_coverageSchema":"1a1c01bbd47fc00a2c39e90264f33305004495a9","hash":"6975cee73bf878eb79fa94c388a1bcee7826c7c9","contentHash":"5fcfeda4d6a7cf25b6ddfd079cbb06e0db5a49acc8e130ec24280be980269a17"},"/home/matias/dev/studies/kukac-test/backend/src/api/controller/changeController.ts":{"path":"/home/matias/dev/studies/kukac-test/backend/src/api/controller/changeController.ts","statementMap":{"0":{"start":{"line":2,"column":22},"end":{"line":4,"column":1}},"1":{"start":{"line":3,"column":4},"end":{"line":3,"column":62}},"2":{"start":{"line":5,"column":0},"end":{"line":5,"column":62}},"3":{"start":{"line":6,"column":0},"end":{"line":6,"column":31}},"4":{"start":{"line":7,"column":24},"end":{"line":7,"column":75}},"5":{"start":{"line":8,"column":22},"end":{"line":42,"column":1}},"6":{"start":{"line":9,"column":47},"end":{"line":9,"column":55}},"7":{"start":{"line":10,"column":4},"end":{"line":41,"column":5}},"8":{"start":{"line":11,"column":8},"end":{"line":12,"column":83}},"9":{"start":{"line":12,"column":12},"end":{"line":12,"column":83}},"10":{"start":{"line":13,"column":8},"end":{"line":14,"column":77}},"11":{"start":{"line":14,"column":12},"end":{"line":14,"column":77}},"12":{"start":{"line":15,"column":8},"end":{"line":16,"column":117}},"13":{"start":{"line":16,"column":12},"end":{"line":16,"column":117}},"14":{"start":{"line":17,"column":30},"end":{"line":17,"column":54}},"15":{"start":{"line":18,"column":33},"end":{"line":18,"column":59}},"16":{"start":{"line":19,"column":23},"end":{"line":19,"column":71}},"17":{"start":{"line":20,"column":23},"end":{"line":20,"column":24}},"18":{"start":{"line":21,"column":22},"end":{"line":21,"column":23}},"19":{"start":{"line":22,"column":21},"end":{"line":22,"column":22}},"20":{"start":{"line":23,"column":20},"end":{"line":23,"column":21}},"21":{"start":{"line":24,"column":8},"end":{"line":36,"column":9}},"22":{"start":{"line":25,"column":32},"end":{"line":25,"column":50}},"23":{"start":{"line":26,"column":12},"end":{"line":26,"column":51}},"24":{"start":{"line":27,"column":12},"end":{"line":30,"column":13}},"25":{"start":{"line":28,"column":16},"end":{"line":28,"column":52}},"26":{"start":{"line":29,"column":16},"end":{"line":29,"column":37}},"27":{"start":{"line":31,"column":12},"end":{"line":34,"column":13}},"28":{"start":{"line":32,"column":16},"end":{"line":32,"column":50}},"29":{"start":{"line":33,"column":16},"end":{"line":33,"column":36}},"30":{"start":{"line":35,"column":12},"end":{"line":35,"column":35}},"31":{"start":{"line":37,"column":8},"end":{"line":37,"column":132}},"32":{"start":{"line":40,"column":8},"end":{"line":40,"column":20}},"33":{"start":{"line":43,"column":0},"end":{"line":43,"column":38}}},"fnMap":{"0":{"name":"(anonymous_0)","decl":{"start":{"line":2,"column":56},"end":{"line":2,"column":57}},"loc":{"start":{"line":2,"column":71},"end":{"line":4,"column":1}},"line":2},"1":{"name":"(anonymous_1)","decl":{"start":{"line":8,"column":22},"end":{"line":8,"column":23}},"loc":{"start":{"line":8,"column":42},"end":{"line":42,"column":1}},"line":8}},"branchMap":{"0":{"loc":{"start":{"line":2,"column":22},"end":{"line":4,"column":1}},"type":"binary-expr","locations":[{"start":{"line":2,"column":23},"end":{"line":2,"column":27}},{"start":{"line":2,"column":31},"end":{"line":2,"column":51}},{"start":{"line":2,"column":56},"end":{"line":4,"column":1}}],"line":2},"1":{"loc":{"start":{"line":3,"column":11},"end":{"line":3,"column":61}},"type":"cond-expr","locations":[{"start":{"line":3,"column":37},"end":{"line":3,"column":40}},{"start":{"line":3,"column":43},"end":{"line":3,"column":61}}],"line":3},"2":{"loc":{"start":{"line":3,"column":12},"end":{"line":3,"column":33}},"type":"binary-expr","locations":[{"start":{"line":3,"column":12},"end":{"line":3,"column":15}},{"start":{"line":3,"column":19},"end":{"line":3,"column":33}}],"line":3},"3":{"loc":{"start":{"line":11,"column":8},"end":{"line":12,"column":83}},"type":"if","locations":[{"start":{"line":11,"column":8},"end":{"line":12,"column":83}},{"start":{"line":11,"column":8},"end":{"line":12,"column":83}}],"line":11},"4":{"loc":{"start":{"line":11,"column":12},"end":{"line":11,"column":46}},"type":"binary-expr","locations":[{"start":{"line":11,"column":12},"end":{"line":11,"column":26}},{"start":{"line":11,"column":30},"end":{"line":11,"column":46}}],"line":11},"5":{"loc":{"start":{"line":13,"column":8},"end":{"line":14,"column":77}},"type":"if","locations":[{"start":{"line":13,"column":8},"end":{"line":14,"column":77}},{"start":{"line":13,"column":8},"end":{"line":14,"column":77}}],"line":13},"6":{"loc":{"start":{"line":13,"column":12},"end":{"line":13,"column":84}},"type":"binary-expr","locations":[{"start":{"line":13,"column":12},"end":{"line":13,"column":45}},{"start":{"line":13,"column":49},"end":{"line":13,"column":84}}],"line":13},"7":{"loc":{"start":{"line":15,"column":8},"end":{"line":16,"column":117}},"type":"if","locations":[{"start":{"line":15,"column":8},"end":{"line":16,"column":117}},{"start":{"line":15,"column":8},"end":{"line":16,"column":117}}],"line":15},"8":{"loc":{"start":{"line":24,"column":8},"end":{"line":36,"column":9}},"type":"if","locations":[{"start":{"line":24,"column":8},"end":{"line":36,"column":9}},{"start":{"line":24,"column":8},"end":{"line":36,"column":9}}],"line":24},"9":{"loc":{"start":{"line":27,"column":12},"end":{"line":30,"column":13}},"type":"if","locations":[{"start":{"line":27,"column":12},"end":{"line":30,"column":13}},{"start":{"line":27,"column":12},"end":{"line":30,"column":13}}],"line":27},"10":{"loc":{"start":{"line":31,"column":12},"end":{"line":34,"column":13}},"type":"if","locations":[{"start":{"line":31,"column":12},"end":{"line":34,"column":13}},{"start":{"line":31,"column":12},"end":{"line":34,"column":13}}],"line":31}},"s":{"0":1,"1":1,"2":1,"3":1,"4":1,"5":1,"6":3,"7":3,"8":3,"9":0,"10":3,"11":1,"12":2,"13":1,"14":1,"15":1,"16":1,"17":1,"18":1,"19":1,"20":1,"21":1,"22":1,"23":1,"24":1,"25":1,"26":1,"27":1,"28":0,"29":0,"30":1,"31":1,"32":2,"33":1},"f":{"0":1,"1":3},"b":{"0":[1,1,1],"1":[1,0],"2":[1,1],"3":[0,3],"4":[3,0],"5":[1,2],"6":[3,2],"7":[1,1],"8":[1,0],"9":[1,0],"10":[0,1]},"inputSourceMap":{"version":3,"file":"/home/matias/dev/studies/kukac-test/backend/src/api/controller/changeController.ts","sources":["/home/matias/dev/studies/kukac-test/backend/src/api/controller/changeController.ts"],"names":[],"mappings":";;;;;;AACA,4EAAoD;AAE7C,MAAM,aAAa,GAAmB,CAAC,GAAG,EAAE,GAAG,EAAE,IAAI,EAAE,EAAE;IAC/D,MAAM,EAAE,aAAa,EAAE,eAAe,EAAE,GAAG,GAAG,CAAC,IAAI,CAAA;IAEnD,IAAI;QACH,IAAI,CAAC,aAAa,IAAI,CAAC,eAAe;YAAE,MAAM,IAAI,uBAAa,CAAC,GAAG,EAAE,8BAA8B,CAAC,CAAA;QAEpG,IAAI,OAAO,aAAa,KAAK,QAAQ,IAAI,OAAO,eAAe,KAAK,QAAQ;YAC3E,MAAM,IAAI,uBAAa,CAAC,GAAG,EAAE,wBAAwB,CAAC,CAAA;QAEvD,IAAI,eAAe,GAAG,aAAa;YAAE,MAAM,IAAI,uBAAa,CAAC,GAAG,EAAE,gEAAgE,CAAC,CAAA;QAEnI,MAAM,aAAa,GAAG,aAAa,CAAC,OAAO,CAAC,CAAC,CAAC,CAAA;QAC9C,MAAM,gBAAgB,GAAG,eAAe,CAAC,OAAO,CAAC,CAAC,CAAC,CAAA;QACnD,MAAM,MAAM,GAAG,MAAM,CAAC,gBAAgB,CAAC,GAAG,MAAM,CAAC,aAAa,CAAC,CAAA;QAE/D,IAAI,QAAQ,GAAG,CAAC,CAAA;QAChB,IAAI,OAAO,GAAG,CAAC,CAAA;QACf,IAAI,MAAM,GAAG,CAAC,CAAA;QACd,IAAI,KAAK,GAAG,CAAC,CAAA;QAGb,IAAG,MAAM,IAAI,CAAC,EAAE;YACf,IAAI,aAAa,GAAG,IAAI,CAAC,KAAK,CAAC,MAAM,CAAC,CAAA;YACtC,KAAK,GAAG,CAAC,MAAM,GAAG,aAAa,CAAC,GAAG,GAAG,CAAA;YAEtC,IAAI,aAAa,IAAI,GAAG,EAAE;gBACzB,QAAQ,GAAG,IAAI,CAAC,KAAK,CAAC,MAAM,GAAG,GAAG,CAAC,CAAA;gBACnC,aAAa,IAAI,GAAG,CAAA;aACpB;YAED,IAAI,aAAa,IAAI,EAAE,EAAE;gBACxB,OAAO,GAAG,IAAI,CAAC,KAAK,CAAC,MAAM,GAAG,EAAE,CAAC,CAAA;gBACjC,aAAa,IAAI,EAAE,CAAA;aACnB;YAED,MAAM,GAAG,aAAa,CAAA;SACtB;QAED,GAAG,CAAC,MAAM,CAAC,GAAG,CAAC,CAAC,IAAI,CAAC,EAAE,MAAM,EAAE,OAAO,EAAE,QAAQ,EAAE,aAAa,EAAE,aAAa,EAAE,eAAe,EAAE,gBAAgB,EAAE,KAAK,EAAE,CAAC,CAAA;KAE3H;IAAC,OAAO,KAAK,EAAE;QACf,IAAI,CAAC,KAAK,CAAC,CAAA;KACX;AACF,CAAC,CAAA;AA3CY,QAAA,aAAa,iBA2CzB","sourcesContent":["import { RequestHandler } from 'express'\nimport HttpException  from '../errors/httpException'\n\nexport const changeChecker: RequestHandler = (req, res, next) => {\n\tconst { purchaseValue, moneyHandedOver } = req.body\n\n\ttry {\n\t\tif (!purchaseValue && !moneyHandedOver) throw new HttpException(400, 'Both inputs must be provided')\n\n\t\tif (typeof purchaseValue !== 'number' || typeof moneyHandedOver !== 'number')\n\t\t\tthrow new HttpException(400, 'Inputs must be numbers')\n\n\t\tif (moneyHandedOver < purchaseValue) throw new HttpException(400, 'Money handed over value must be bigger than the purchase value')\n\n\t\tconst fixedPurchase = purchaseValue.toFixed(2)\n\t\tconst fixedMoneyHanded = moneyHandedOver.toFixed(2)\n\t\tconst change = Number(fixedMoneyHanded) - Number(fixedPurchase)\n\n\t\tlet bills100 = 0\n\t\tlet bills10 = 0\n\t\tlet bills1 = 0\n\t\tlet cents = 0\n\n\n\t\tif(change >= 0) {\n\t\t\tlet changeInReais = Math.floor(change)\n\t\t\tcents = (change - changeInReais) * 100\n\n\t\t\tif (changeInReais >= 100) {\n\t\t\t\tbills100 = Math.floor(change / 100)\n\t\t\t\tchangeInReais %= 100\n\t\t\t}\n      \n\t\t\tif (changeInReais >= 10) {\n\t\t\t\tbills10 = Math.floor(change / 10)\n\t\t\t\tchangeInReais %= 10\n\t\t\t}\n      \n\t\t\tbills1 = changeInReais\n\t\t}\n\n\t\tres.status(200).json({ bills1, bills10, bills100, purchaseValue: fixedPurchase, moneyHandedOver: fixedMoneyHanded, cents })\n\n\t} catch (error) {\n\t\tnext(error)\n\t}\n}"]},"_coverageSchema":"1a1c01bbd47fc00a2c39e90264f33305004495a9","hash":"331ccc8a5a112b784e1d2c7504cc19dde0ffbea4","contentHash":"b2604f1b460e34976a5f62396629fbceadefd6937348ec87c0baed7d1745c4c7"},"/home/matias/dev/studies/kukac-test/backend/src/routes/vehicleRouter.ts":{"path":"/home/matias/dev/studies/kukac-test/backend/src/routes/vehicleRouter.ts","statementMap":{"0":{"start":{"line":2,"column":22},"end":{"line":12,"column":3}},"1":{"start":{"line":3,"column":4},"end":{"line":3,"column":33}},"2":{"start":{"line":3,"column":26},"end":{"line":3,"column":33}},"3":{"start":{"line":4,"column":15},"end":{"line":4,"column":52}},"4":{"start":{"line":5,"column":4},"end":{"line":7,"column":5}},"5":{"start":{"line":6,"column":6},"end":{"line":6,"column":68}},"6":{"start":{"line":6,"column":51},"end":{"line":6,"column":63}},"7":{"start":{"line":8,"column":4},"end":{"line":8,"column":39}},"8":{"start":{"line":10,"column":4},"end":{"line":10,"column":33}},"9":{"start":{"line":10,"column":26},"end":{"line":10,"column":33}},"10":{"start":{"line":11,"column":4},"end":{"line":11,"column":17}},"11":{"start":{"line":13,"column":25},"end":{"line":17,"column":2}},"12":{"start":{"line":14,"column":4},"end":{"line":14,"column":72}},"13":{"start":{"line":16,"column":4},"end":{"line":16,"column":21}},"14":{"start":{"line":18,"column":19},"end":{"line":24,"column":1}},"15":{"start":{"line":19,"column":4},"end":{"line":19,"column":42}},"16":{"start":{"line":19,"column":31},"end":{"line":19,"column":42}},"17":{"start":{"line":20,"column":17},"end":{"line":20,"column":19}},"18":{"start":{"line":21,"column":4},"end":{"line":21,"column":141}},"19":{"start":{"line":21,"column":21},"end":{"line":21,"column":141}},"20":{"start":{"line":21,"column":40},"end":{"line":21,"column":141}},"21":{"start":{"line":21,"column":109},"end":{"line":21,"column":141}},"22":{"start":{"line":22,"column":4},"end":{"line":22,"column":36}},"23":{"start":{"line":23,"column":4},"end":{"line":23,"column":18}},"24":{"start":{"line":25,"column":22},"end":{"line":27,"column":1}},"25":{"start":{"line":26,"column":4},"end":{"line":26,"column":62}},"26":{"start":{"line":28,"column":0},"end":{"line":28,"column":62}},"27":{"start":{"line":29,"column":18},"end":{"line":29,"column":53}},"28":{"start":{"line":30,"column":22},"end":{"line":30,"column":83}},"29":{"start":{"line":31,"column":15},"end":{"line":31,"column":41}},"30":{"start":{"line":32,"column":0},"end":{"line":32,"column":46}},"31":{"start":{"line":33,"column":0},"end":{"line":33,"column":25}}},"fnMap":{"0":{"name":"(anonymous_0)","decl":{"start":{"line":2,"column":74},"end":{"line":2,"column":75}},"loc":{"start":{"line":2,"column":96},"end":{"line":9,"column":1}},"line":2},"1":{"name":"(anonymous_1)","decl":{"start":{"line":6,"column":38},"end":{"line":6,"column":39}},"loc":{"start":{"line":6,"column":49},"end":{"line":6,"column":65}},"line":6},"2":{"name":"(anonymous_2)","decl":{"start":{"line":9,"column":6},"end":{"line":9,"column":7}},"loc":{"start":{"line":9,"column":28},"end":{"line":12,"column":1}},"line":9},"3":{"name":"(anonymous_3)","decl":{"start":{"line":13,"column":80},"end":{"line":13,"column":81}},"loc":{"start":{"line":13,"column":95},"end":{"line":15,"column":1}},"line":13},"4":{"name":"(anonymous_4)","decl":{"start":{"line":15,"column":5},"end":{"line":15,"column":6}},"loc":{"start":{"line":15,"column":20},"end":{"line":17,"column":1}},"line":15},"5":{"name":"(anonymous_5)","decl":{"start":{"line":18,"column":50},"end":{"line":18,"column":51}},"loc":{"start":{"line":18,"column":65},"end":{"line":24,"column":1}},"line":18},"6":{"name":"(anonymous_6)","decl":{"start":{"line":25,"column":56},"end":{"line":25,"column":57}},"loc":{"start":{"line":25,"column":71},"end":{"line":27,"column":1}},"line":25}},"branchMap":{"0":{"loc":{"start":{"line":2,"column":22},"end":{"line":12,"column":3}},"type":"binary-expr","locations":[{"start":{"line":2,"column":23},"end":{"line":2,"column":27}},{"start":{"line":2,"column":31},"end":{"line":2,"column":51}},{"start":{"line":2,"column":57},"end":{"line":12,"column":2}}],"line":2},"1":{"loc":{"start":{"line":2,"column":57},"end":{"line":12,"column":2}},"type":"cond-expr","locations":[{"start":{"line":2,"column":74},"end":{"line":9,"column":1}},{"start":{"line":9,"column":6},"end":{"line":12,"column":1}}],"line":2},"2":{"loc":{"start":{"line":3,"column":4},"end":{"line":3,"column":33}},"type":"if","locations":[{"start":{"line":3,"column":4},"end":{"line":3,"column":33}},{"start":{"line":3,"column":4},"end":{"line":3,"column":33}}],"line":3},"3":{"loc":{"start":{"line":5,"column":4},"end":{"line":7,"column":5}},"type":"if","locations":[{"start":{"line":5,"column":4},"end":{"line":7,"column":5}},{"start":{"line":5,"column":4},"end":{"line":7,"column":5}}],"line":5},"4":{"loc":{"start":{"line":5,"column":8},"end":{"line":5,"column":85}},"type":"binary-expr","locations":[{"start":{"line":5,"column":8},"end":{"line":5,"column":13}},{"start":{"line":5,"column":18},"end":{"line":5,"column":84}}],"line":5},"5":{"loc":{"start":{"line":5,"column":18},"end":{"line":5,"column":84}},"type":"cond-expr","locations":[{"start":{"line":5,"column":34},"end":{"line":5,"column":47}},{"start":{"line":5,"column":50},"end":{"line":5,"column":84}}],"line":5},"6":{"loc":{"start":{"line":5,"column":50},"end":{"line":5,"column":84}},"type":"binary-expr","locations":[{"start":{"line":5,"column":50},"end":{"line":5,"column":63}},{"start":{"line":5,"column":67},"end":{"line":5,"column":84}}],"line":5},"7":{"loc":{"start":{"line":10,"column":4},"end":{"line":10,"column":33}},"type":"if","locations":[{"start":{"line":10,"column":4},"end":{"line":10,"column":33}},{"start":{"line":10,"column":4},"end":{"line":10,"column":33}}],"line":10},"8":{"loc":{"start":{"line":13,"column":25},"end":{"line":17,"column":2}},"type":"binary-expr","locations":[{"start":{"line":13,"column":26},"end":{"line":13,"column":30}},{"start":{"line":13,"column":34},"end":{"line":13,"column":57}},{"start":{"line":13,"column":63},"end":{"line":17,"column":1}}],"line":13},"9":{"loc":{"start":{"line":13,"column":63},"end":{"line":17,"column":1}},"type":"cond-expr","locations":[{"start":{"line":13,"column":80},"end":{"line":15,"column":1}},{"start":{"line":15,"column":5},"end":{"line":17,"column":1}}],"line":13},"10":{"loc":{"start":{"line":18,"column":19},"end":{"line":24,"column":1}},"type":"binary-expr","locations":[{"start":{"line":18,"column":20},"end":{"line":18,"column":24}},{"start":{"line":18,"column":28},"end":{"line":18,"column":45}},{"start":{"line":18,"column":50},"end":{"line":24,"column":1}}],"line":18},"11":{"loc":{"start":{"line":19,"column":4},"end":{"line":19,"column":42}},"type":"if","locations":[{"start":{"line":19,"column":4},"end":{"line":19,"column":42}},{"start":{"line":19,"column":4},"end":{"line":19,"column":42}}],"line":19},"12":{"loc":{"start":{"line":19,"column":8},"end":{"line":19,"column":29}},"type":"binary-expr","locations":[{"start":{"line":19,"column":8},"end":{"line":19,"column":11}},{"start":{"line":19,"column":15},"end":{"line":19,"column":29}}],"line":19},"13":{"loc":{"start":{"line":21,"column":4},"end":{"line":21,"column":141}},"type":"if","locations":[{"start":{"line":21,"column":4},"end":{"line":21,"column":141}},{"start":{"line":21,"column":4},"end":{"line":21,"column":141}}],"line":21},"14":{"loc":{"start":{"line":21,"column":40},"end":{"line":21,"column":141}},"type":"if","locations":[{"start":{"line":21,"column":40},"end":{"line":21,"column":141}},{"start":{"line":21,"column":40},"end":{"line":21,"column":141}}],"line":21},"15":{"loc":{"start":{"line":21,"column":44},"end":{"line":21,"column":107}},"type":"binary-expr","locations":[{"start":{"line":21,"column":44},"end":{"line":21,"column":59}},{"start":{"line":21,"column":63},"end":{"line":21,"column":107}}],"line":21},"16":{"loc":{"start":{"line":25,"column":22},"end":{"line":27,"column":1}},"type":"binary-expr","locations":[{"start":{"line":25,"column":23},"end":{"line":25,"column":27}},{"start":{"line":25,"column":31},"end":{"line":25,"column":51}},{"start":{"line":25,"column":56},"end":{"line":27,"column":1}}],"line":25},"17":{"loc":{"start":{"line":26,"column":11},"end":{"line":26,"column":61}},"type":"cond-expr","locations":[{"start":{"line":26,"column":37},"end":{"line":26,"column":40}},{"start":{"line":26,"column":43},"end":{"line":26,"column":61}}],"line":26},"18":{"loc":{"start":{"line":26,"column":12},"end":{"line":26,"column":33}},"type":"binary-expr","locations":[{"start":{"line":26,"column":12},"end":{"line":26,"column":15}},{"start":{"line":26,"column":19},"end":{"line":26,"column":33}}],"line":26}},"s":{"0":1,"1":0,"2":0,"3":0,"4":0,"5":0,"6":0,"7":0,"8":0,"9":0,"10":0,"11":1,"12":0,"13":0,"14":1,"15":1,"16":1,"17":0,"18":0,"19":0,"20":0,"21":0,"22":0,"23":0,"24":1,"25":1,"26":1,"27":1,"28":1,"29":1,"30":1,"31":1},"f":{"0":0,"1":0,"2":0,"3":0,"4":0,"5":1,"6":1},"b":{"0":[1,1,1],"1":[1,0],"2":[0,0],"3":[0,0],"4":[0,0],"5":[0,0],"6":[0,0],"7":[0,0],"8":[1,1,1],"9":[1,0],"10":[1,1,1],"11":[1,0],"12":[1,1],"13":[0,0],"14":[0,0],"15":[0,0],"16":[1,1,1],"17":[0,1],"18":[1,1]},"inputSourceMap":{"version":3,"file":"/home/matias/dev/studies/kukac-test/backend/src/routes/vehicleRouter.ts","sources":["/home/matias/dev/studies/kukac-test/backend/src/routes/vehicleRouter.ts"],"names":[],"mappings":";;;;;;;;;;;;;;;;;;;;;;;;;;;;AAAA,sDAA6B;AAC7B,oFAAqE;AAErE,MAAM,MAAM,GAAG,iBAAO,CAAC,MAAM,EAAE,CAAA;AAE/B,MAAM,CAAC,IAAI,CAAC,GAAG,EAAE,aAAa,CAAC,aAAa,CAAC,CAAA;AAE7C,kBAAe,MAAM,CAAA","sourcesContent":["import express from 'express'\nimport * as VehicleRouter from '../api/controller/vehiclesController'\n\nconst router = express.Router()\n\nrouter.post('/', VehicleRouter.createVehicle)\n\nexport default router"]},"_coverageSchema":"1a1c01bbd47fc00a2c39e90264f33305004495a9","hash":"7c055e2374767a0afa8360bbdfe7688843b2d32b","contentHash":"467945cda77e8cf8293296d9fdba9ac5eca478b6efd1e615267315ceac0c1ed1"},"/home/matias/dev/studies/kukac-test/backend/src/api/controller/vehiclesController.ts":{"path":"/home/matias/dev/studies/kukac-test/backend/src/api/controller/vehiclesController.ts","statementMap":{"0":{"start":{"line":2,"column":16},"end":{"line":10,"column":1}},"1":{"start":{"line":3,"column":28},"end":{"line":3,"column":110}},"2":{"start":{"line":3,"column":91},"end":{"line":3,"column":106}},"3":{"start":{"line":4,"column":4},"end":{"line":9,"column":7}},"4":{"start":{"line":5,"column":36},"end":{"line":5,"column":97}},"5":{"start":{"line":5,"column":42},"end":{"line":5,"column":70}},"6":{"start":{"line":5,"column":85},"end":{"line":5,"column":95}},"7":{"start":{"line":6,"column":35},"end":{"line":6,"column":100}},"8":{"start":{"line":6,"column":41},"end":{"line":6,"column":73}},"9":{"start":{"line":6,"column":88},"end":{"line":6,"column":98}},"10":{"start":{"line":7,"column":32},"end":{"line":7,"column":116}},"11":{"start":{"line":8,"column":8},"end":{"line":8,"column":78}},"12":{"start":{"line":11,"column":22},"end":{"line":13,"column":1}},"13":{"start":{"line":12,"column":4},"end":{"line":12,"column":62}},"14":{"start":{"line":14,"column":0},"end":{"line":14,"column":62}},"15":{"start":{"line":15,"column":0},"end":{"line":15,"column":31}},"16":{"start":{"line":16,"column":24},"end":{"line":16,"column":75}},"17":{"start":{"line":17,"column":16},"end":{"line":17,"column":62}},"18":{"start":{"line":18,"column":15},"end":{"line":18,"column":30}},"19":{"start":{"line":19,"column":15},"end":{"line":19,"column":60}},"20":{"start":{"line":20,"column":13},"end":{"line":20,"column":26}},"21":{"start":{"line":21,"column":17},"end":{"line":21,"column":19}},"22":{"start":{"line":22,"column":22},"end":{"line":49,"column":2}},"23":{"start":{"line":22,"column":42},"end":{"line":49,"column":2}},"24":{"start":{"line":23,"column":60},"end":{"line":23,"column":68}},"25":{"start":{"line":24,"column":4},"end":{"line":48,"column":5}},"26":{"start":{"line":25,"column":8},"end":{"line":30,"column":9}},"27":{"start":{"line":26,"column":12},"end":{"line":27,"column":90}},"28":{"start":{"line":27,"column":16},"end":{"line":27,"column":90}},"29":{"start":{"line":28,"column":24},"end":{"line":28,"column":70}},"30":{"start":{"line":29,"column":12},"end":{"line":29,"column":31}},"31":{"start":{"line":31,"column":8},"end":{"line":36,"column":9}},"32":{"start":{"line":32,"column":12},"end":{"line":33,"column":103}},"33":{"start":{"line":33,"column":16},"end":{"line":33,"column":103}},"34":{"start":{"line":34,"column":25},"end":{"line":34,"column":75}},"35":{"start":{"line":35,"column":12},"end":{"line":35,"column":32}},"36":{"start":{"line":37,"column":8},"end":{"line":44,"column":11}},"37":{"start":{"line":38,"column":12},"end":{"line":43,"column":13}},"38":{"start":{"line":39,"column":16},"end":{"line":39,"column":33}},"39":{"start":{"line":42,"column":16},"end":{"line":42,"column":43}},"40":{"start":{"line":47,"column":8},"end":{"line":47,"column":20}},"41":{"start":{"line":50,"column":0},"end":{"line":50,"column":38}}},"fnMap":{"0":{"name":"(anonymous_0)","decl":{"start":{"line":2,"column":44},"end":{"line":2,"column":45}},"loc":{"start":{"line":2,"column":89},"end":{"line":10,"column":1}},"line":2},"1":{"name":"adopt","decl":{"start":{"line":3,"column":13},"end":{"line":3,"column":18}},"loc":{"start":{"line":3,"column":26},"end":{"line":3,"column":112}},"line":3},"2":{"name":"(anonymous_2)","decl":{"start":{"line":3,"column":70},"end":{"line":3,"column":71}},"loc":{"start":{"line":3,"column":89},"end":{"line":3,"column":108}},"line":3},"3":{"name":"(anonymous_3)","decl":{"start":{"line":4,"column":36},"end":{"line":4,"column":37}},"loc":{"start":{"line":4,"column":63},"end":{"line":9,"column":5}},"line":4},"4":{"name":"fulfilled","decl":{"start":{"line":5,"column":17},"end":{"line":5,"column":26}},"loc":{"start":{"line":5,"column":34},"end":{"line":5,"column":99}},"line":5},"5":{"name":"rejected","decl":{"start":{"line":6,"column":17},"end":{"line":6,"column":25}},"loc":{"start":{"line":6,"column":33},"end":{"line":6,"column":102}},"line":6},"6":{"name":"step","decl":{"start":{"line":7,"column":17},"end":{"line":7,"column":21}},"loc":{"start":{"line":7,"column":30},"end":{"line":7,"column":118}},"line":7},"7":{"name":"(anonymous_7)","decl":{"start":{"line":11,"column":56},"end":{"line":11,"column":57}},"loc":{"start":{"line":11,"column":71},"end":{"line":13,"column":1}},"line":11},"8":{"name":"(anonymous_8)","decl":{"start":{"line":22,"column":22},"end":{"line":22,"column":23}},"loc":{"start":{"line":22,"column":42},"end":{"line":49,"column":2}},"line":22},"9":{"name":"(anonymous_9)","decl":{"start":{"line":22,"column":76},"end":{"line":22,"column":77}},"loc":{"start":{"line":22,"column":89},"end":{"line":49,"column":1}},"line":22},"10":{"name":"(anonymous_10)","decl":{"start":{"line":37,"column":116},"end":{"line":37,"column":117}},"loc":{"start":{"line":37,"column":125},"end":{"line":44,"column":9}},"line":37}},"branchMap":{"0":{"loc":{"start":{"line":2,"column":16},"end":{"line":10,"column":1}},"type":"binary-expr","locations":[{"start":{"line":2,"column":17},"end":{"line":2,"column":21}},{"start":{"line":2,"column":25},"end":{"line":2,"column":39}},{"start":{"line":2,"column":44},"end":{"line":10,"column":1}}],"line":2},"1":{"loc":{"start":{"line":3,"column":35},"end":{"line":3,"column":109}},"type":"cond-expr","locations":[{"start":{"line":3,"column":56},"end":{"line":3,"column":61}},{"start":{"line":3,"column":64},"end":{"line":3,"column":109}}],"line":3},"2":{"loc":{"start":{"line":4,"column":16},"end":{"line":4,"column":34}},"type":"binary-expr","locations":[{"start":{"line":4,"column":16},"end":{"line":4,"column":17}},{"start":{"line":4,"column":22},"end":{"line":4,"column":33}}],"line":4},"3":{"loc":{"start":{"line":7,"column":32},"end":{"line":7,"column":115}},"type":"cond-expr","locations":[{"start":{"line":7,"column":46},"end":{"line":7,"column":67}},{"start":{"line":7,"column":70},"end":{"line":7,"column":115}}],"line":7},"4":{"loc":{"start":{"line":8,"column":51},"end":{"line":8,"column":67}},"type":"binary-expr","locations":[{"start":{"line":8,"column":51},"end":{"line":8,"column":61}},{"start":{"line":8,"column":65},"end":{"line":8,"column":67}}],"line":8},"5":{"loc":{"start":{"line":11,"column":22},"end":{"line":13,"column":1}},"type":"binary-expr","locations":[{"start":{"line":11,"column":23},"end":{"line":11,"column":27}},{"start":{"line":11,"column":31},"end":{"line":11,"column":51}},{"start":{"line":11,"column":56},"end":{"line":13,"column":1}}],"line":11},"6":{"loc":{"start":{"line":12,"column":11},"end":{"line":12,"column":61}},"type":"cond-expr","locations":[{"start":{"line":12,"column":37},"end":{"line":12,"column":40}},{"start":{"line":12,"column":43},"end":{"line":12,"column":61}}],"line":12},"7":{"loc":{"start":{"line":12,"column":12},"end":{"line":12,"column":33}},"type":"binary-expr","locations":[{"start":{"line":12,"column":12},"end":{"line":12,"column":15}},{"start":{"line":12,"column":19},"end":{"line":12,"column":33}}],"line":12},"8":{"loc":{"start":{"line":25,"column":8},"end":{"line":30,"column":9}},"type":"if","locations":[{"start":{"line":25,"column":8},"end":{"line":30,"column":9}},{"start":{"line":25,"column":8},"end":{"line":30,"column":9}}],"line":25},"9":{"loc":{"start":{"line":26,"column":12},"end":{"line":27,"column":90}},"type":"if","locations":[{"start":{"line":26,"column":12},"end":{"line":27,"column":90}},{"start":{"line":26,"column":12},"end":{"line":27,"column":90}}],"line":26},"10":{"loc":{"start":{"line":26,"column":16},"end":{"line":26,"column":42}},"type":"binary-expr","locations":[{"start":{"line":26,"column":16},"end":{"line":26,"column":27}},{"start":{"line":26,"column":31},"end":{"line":26,"column":42}}],"line":26},"11":{"loc":{"start":{"line":31,"column":8},"end":{"line":36,"column":9}},"type":"if","locations":[{"start":{"line":31,"column":8},"end":{"line":36,"column":9}},{"start":{"line":31,"column":8},"end":{"line":36,"column":9}}],"line":31},"12":{"loc":{"start":{"line":32,"column":12},"end":{"line":33,"column":103}},"type":"if","locations":[{"start":{"line":32,"column":12},"end":{"line":33,"column":103}},{"start":{"line":32,"column":12},"end":{"line":33,"column":103}}],"line":32},"13":{"loc":{"start":{"line":32,"column":16},"end":{"line":32,"column":52}},"type":"binary-expr","locations":[{"start":{"line":32,"column":16},"end":{"line":32,"column":32}},{"start":{"line":32,"column":36},"end":{"line":32,"column":52}}],"line":32},"14":{"loc":{"start":{"line":38,"column":12},"end":{"line":43,"column":13}},"type":"if","locations":[{"start":{"line":38,"column":12},"end":{"line":43,"column":13}},{"start":{"line":38,"column":12},"end":{"line":43,"column":13}}],"line":38}},"s":{"0":1,"1":0,"2":0,"3":4,"4":0,"5":0,"6":0,"7":0,"8":0,"9":0,"10":4,"11":4,"12":1,"13":3,"14":1,"15":1,"16":1,"17":1,"18":1,"19":1,"20":1,"21":1,"22":1,"23":4,"24":4,"25":4,"26":4,"27":2,"28":1,"29":1,"30":1,"31":3,"32":2,"33":1,"34":1,"35":1,"36":2,"37":2,"38":0,"39":2,"40":2,"41":1},"f":{"0":4,"1":0,"2":0,"3":4,"4":0,"5":0,"6":4,"7":3,"8":4,"9":4,"10":2},"b":{"0":[1,1,1],"1":[0,0],"2":[4,4],"3":[4,0],"4":[4,4],"5":[1,1,1],"6":[3,0],"7":[3,3],"8":[2,2],"9":[1,1],"10":[2,2],"11":[2,1],"12":[1,1],"13":[2,1],"14":[0,2]},"inputSourceMap":{"version":3,"file":"/home/matias/dev/studies/kukac-test/backend/src/api/controller/vehiclesController.ts","sources":["/home/matias/dev/studies/kukac-test/backend/src/api/controller/vehiclesController.ts"],"names":[],"mappings":";;;;;;;;;;;;;;;AACA,4EAAoD;AACpD,+DAAsC;AACtC,+BAA2B;AAC3B,6DAAoC;AACpC,2BAA+B;AAC/B,MAAM,QAAQ,GAAqB,EAAE,CAAA;AAG9B,MAAM,aAAa,GAAmB,CAAO,GAAG,EAAE,GAAG,EAAE,IAAI,EAAE,EAAE;IACrE,MAAM,EAAE,IAAI,EAAE,KAAK,EAAE,IAAI,EAAE,KAAK,EAAE,KAAK,EAAE,UAAU,EAAE,GAAG,GAAG,CAAC,IAAI,CAAA;IAEhE,IAAI;QACH,IAAI,IAAI,KAAK,OAAO,EAAE;YACrB,IAAI,KAAK,KAAK,CAAC,IAAI,KAAK,KAAK,CAAC;gBAC7B,MAAM,IAAI,uBAAa,CAAC,GAAG,EAAE,iCAAiC,CAAC,CAAA;YAEhE,MAAM,GAAG,GAAG,IAAI,eAAK,CAAC,KAAK,EAAE,IAAI,EAAE,KAAK,EAAE,KAAK,CAAC,CAAA;YAChD,QAAQ,CAAC,IAAI,CAAC,GAAG,CAAC,CAAA;SAClB;QAED,IAAG,IAAI,IAAI,MAAM,EAAE;YAClB,IAAI,UAAU,KAAK,CAAC,IAAI,UAAU,KAAK,CAAC;gBACvC,MAAM,IAAI,uBAAa,CAAC,GAAG,EAAE,8CAA8C,CAAC,CAAA;YAE7E,MAAM,IAAI,GAAG,IAAI,cAAI,CAAC,KAAK,EAAE,IAAI,EAAE,UAAU,EAAE,KAAK,CAAC,CAAA;YACrD,QAAQ,CAAC,IAAI,CAAC,IAAI,CAAC,CAAA;SACnB;QACD,IAAA,eAAU,EAAC,IAAA,WAAI,EAAC,SAAS,EAAE,aAAa,EAAE,eAAe,CAAC,EAAE,IAAI,CAAC,SAAS,CAAC,QAAQ,CAAC,EAAE,CAAC,GAAG,EAAE,EAAE;YAC7F,IAAI,GAAG,EAAE;gBACR,OAAO,CAAC,GAAG,CAAC,GAAG,CAAC,CAAA;aAChB;iBAAM;gBACN,OAAO,GAAG,CAAC,UAAU,CAAC,GAAG,CAAC,CAAA;aAC1B;QACF,CAAC,CAAC,CAAA;KACF;IAAC,OAAO,KAAK,EAAE;QACf,IAAI,CAAC,KAAK,CAAC,CAAA;KACX;AACF,CAAC,CAAA,CAAA;AA7BY,QAAA,aAAa,iBA6BzB","sourcesContent":["import { RequestHandler } from 'express'\nimport HttpException  from '../errors/httpException'\nimport Carro from '../../models/Carro'\nimport { join } from 'path'\nimport Moto from '../../models/Moto'\nimport { appendFile } from 'fs'\nconst vehicles: Carro[] & Moto[] = []\n\n\nexport const createVehicle: RequestHandler = async (req, res, next) => {\n\tconst { type, model, year, doors, brand, passengers } = req.body\n\n\ttry {\n\t\tif (type === 'CARRO') {\n\t\t\tif (doors !== 2 && doors !== 4) \n\t\t\t\tthrow new HttpException(400, 'Car must have 2 or 4 doors only')\n\t\t\t\n\t\t\tconst car = new Carro(model, year, doors, brand)\n\t\t\tvehicles.push(car)\n\t\t}\n\n\t\tif(type == 'MOTO') {\n\t\t\tif (passengers !== 1 && passengers !== 2) \n\t\t\t\tthrow new HttpException(400, 'The number os passengers must be 1 or 2 only')\n\t\n\t\t\tconst bike = new Moto(model, year, passengers, brand)\n\t\t\tvehicles.push(bike)\n\t\t}\n\t\tappendFile(join(__dirname, '../database', 'vehicles.json'), JSON.stringify(vehicles), (err) => {\n\t\t\tif (err) {\n\t\t\t\tconsole.log(err)\n\t\t\t} else {\n\t\t\t\treturn res.sendStatus(201)\n\t\t\t}\n\t\t})\n\t} catch (error) {\n\t\tnext(error)\n\t}\n}"]},"_coverageSchema":"1a1c01bbd47fc00a2c39e90264f33305004495a9","hash":"2385fb8c6f53e3a93557103642113899aa844f39","contentHash":"fce9f46569031800f3f763dae7b729284879cd311e9d984b0a39a6fc9bc2c142"},"/home/matias/dev/studies/kukac-test/backend/src/models/Carro.ts":{"path":"/home/matias/dev/studies/kukac-test/backend/src/models/Carro.ts","statementMap":{"0":{"start":{"line":2,"column":0},"end":{"line":2,"column":62}},"1":{"start":{"line":5,"column":8},"end":{"line":5,"column":29}},"2":{"start":{"line":6,"column":8},"end":{"line":6,"column":43}},"3":{"start":{"line":7,"column":8},"end":{"line":7,"column":27}},"4":{"start":{"line":8,"column":8},"end":{"line":13,"column":9}},"5":{"start":{"line":9,"column":12},"end":{"line":9,"column":53}},"6":{"start":{"line":12,"column":12},"end":{"line":12,"column":78}},"7":{"start":{"line":16,"column":0},"end":{"line":16,"column":24}}},"fnMap":{"0":{"name":"(anonymous_0)","decl":{"start":{"line":4,"column":4},"end":{"line":4,"column":5}},"loc":{"start":{"line":4,"column":64},"end":{"line":14,"column":5}},"line":4}},"branchMap":{"0":{"loc":{"start":{"line":8,"column":8},"end":{"line":13,"column":9}},"type":"if","locations":[{"start":{"line":8,"column":8},"end":{"line":13,"column":9}},{"start":{"line":8,"column":8},"end":{"line":13,"column":9}}],"line":8},"1":{"loc":{"start":{"line":8,"column":12},"end":{"line":8,"column":58}},"type":"binary-expr","locations":[{"start":{"line":8,"column":12},"end":{"line":8,"column":33}},{"start":{"line":8,"column":37},"end":{"line":8,"column":58}}],"line":8}},"s":{"0":1,"1":1,"2":1,"3":1,"4":1,"5":1,"6":0,"7":1},"f":{"0":1},"b":{"0":[1,0],"1":[1,1]},"inputSourceMap":{"version":3,"file":"/home/matias/dev/studies/kukac-test/backend/src/models/Carro.ts","sources":["/home/matias/dev/studies/kukac-test/backend/src/models/Carro.ts"],"names":[],"mappings":";;AAEA,MAAM,KAAK;IAMV,YAAa,MAAc,EAAE,aAAqB,EAAE,gBAAwB,EAAE,KAAa;QAC1F,IAAI,CAAC,MAAM,GAAG,MAAM,CAAA;QACpB,IAAI,CAAC,aAAa,GAAG,aAAa,CAAA;QAClC,IAAI,CAAC,KAAK,GAAG,KAAK,CAAA;QAClB,IAAI,gBAAgB,IAAI,CAAC,IAAI,gBAAgB,IAAI,CAAC,EAAE;YACnD,IAAI,CAAC,gBAAgB,GAAG,gBAAgB,CAAA;SACxC;aAAM;YACN,MAAM,IAAI,KAAK,CAAC,gDAAgD,CAAC,CAAA;SACjE;IACF,CAAC;CACD;AAED,kBAAe,KAAK,CAAA","sourcesContent":["import Veiculo from '../interfaces/Veiculo'\n\nclass Carro implements Veiculo {\n\tmodelo: string\n\tanoFabricacao: number\n\tquantidadePortas: number\n\tmarca: string\n\n\tconstructor (modelo: string, anoFabricacao: number, quantidadePortas: number, marca: string) {\n\t\tthis.modelo = modelo\n\t\tthis.anoFabricacao = anoFabricacao\n\t\tthis.marca = marca\n\t\tif (quantidadePortas >= 2 && quantidadePortas <= 4) {\n\t\t\tthis.quantidadePortas = quantidadePortas\n\t\t} else {\n\t\t\tthrow new Error('A quantidade de portas deve estar entre 2 e 4.')\n\t\t}\n\t}\n}\n\nexport default Carro\n"]},"_coverageSchema":"1a1c01bbd47fc00a2c39e90264f33305004495a9","hash":"02100d4a15c38aec01f4d095b715630e8a028d4f","contentHash":"0c285a17547242a36875ab783e5a08890de212343e1a94410e20f81ffe61951b"},"/home/matias/dev/studies/kukac-test/backend/src/models/Moto.ts":{"path":"/home/matias/dev/studies/kukac-test/backend/src/models/Moto.ts","statementMap":{"0":{"start":{"line":2,"column":0},"end":{"line":2,"column":62}},"1":{"start":{"line":5,"column":8},"end":{"line":5,"column":29}},"2":{"start":{"line":6,"column":8},"end":{"line":6,"column":43}},"3":{"start":{"line":7,"column":8},"end":{"line":7,"column":23}},"4":{"start":{"li
[...]
ine":13,"column":63},"end":{"line":17,"column":1}},"type":"cond-expr","locations":[{"start":{"line":13,"column":80},"end":{"line":15,"column":1}},{"start":{"line":15,"column":5},"end":{"line":17,"column":1}}],"line":13},"10":{"loc":{"start":{"line":18,"column":19},"end":{"line":24,"column":1}},"type":"binary-expr","locations":[{"start":{"line":18,"column":20},"end":{"line":18,"column":24}},{"start":{"line":18,"column":28},"end":{"line":18,"column":45}},{"start":{"line":18,"column":50},"end":{"line":24,"column":1}}],"line":18},"11":{"loc":{"start":{"line":19,"column":4},"end":{"line":19,"column":42}},"type":"if","locations":[{"start":{"line":19,"column":4},"end":{"line":19,"column":42}},{"start":{"line":19,"column":4},"end":{"line":19,"column":42}}],"line":19},"12":{"loc":{"start":{"line":19,"column":8},"end":{"line":19,"column":29}},"type":"binary-expr","locations":[{"start":{"line":19,"column":8},"end":{"line":19,"column":11}},{"start":{"line":19,"column":15},"end":{"line":19,"column":29}}],"line":19},"13":{"loc":{"start":{"line":21,"column":4},"end":{"line":21,"column":141}},"type":"if","locations":[{"start":{"line":21,"column":4},"end":{"line":21,"column":141}},{"start":{"line":21,"column":4},"end":{"line":21,"column":141}}],"line":21},"14":{"loc":{"start":{"line":21,"column":40},"end":{"line":21,"column":141}},"type":"if","locations":[{"start":{"line":21,"column":40},"end":{"line":21,"column":141}},{"start":{"line":21,"column":40},"end":{"line":21,"column":141}}],"line":21},"15":{"loc":{"start":{"line":21,"column":44},"end":{"line":21,"column":107}},"type":"binary-expr","locations":[{"start":{"line":21,"column":44},"end":{"line":21,"column":59}},{"start":{"line":21,"column":63},"end":{"line":21,"column":107}}],"line":21},"16":{"loc":{"start":{"line":25,"column":22},"end":{"line":27,"column":1}},"type":"binary-expr","locations":[{"start":{"line":25,"column":23},"end":{"line":25,"column":27}},{"start":{"line":25,"column":31},"end":{"line":25,"column":51}},{"start":{"line":25,"column":56},"end":{"line":27,"column":1}}],"line":25},"17":{"loc":{"start":{"line":26,"column":11},"end":{"line":26,"column":61}},"type":"cond-expr","locations":[{"start":{"line":26,"column":37},"end":{"line":26,"column":40}},{"start":{"line":26,"column":43},"end":{"line":26,"column":61}}],"line":26},"18":{"loc":{"start":{"line":26,"column":12},"end":{"line":26,"column":33}},"type":"binary-expr","locations":[{"start":{"line":26,"column":12},"end":{"line":26,"column":15}},{"start":{"line":26,"column":19},"end":{"line":26,"column":33}}],"line":26}},"s":{"0":1,"1":0,"2":0,"3":0,"4":0,"5":0,"6":0,"7":0,"8":0,"9":0,"10":0,"11":1,"12":0,"13":0,"14":1,"15":1,"16":1,"17":0,"18":0,"19":0,"20":0,"21":0,"22":0,"23":0,"24":1,"25":1,"26":1,"27":1,"28":1,"29":1,"30":1,"31":1},"f":{"0":0,"1":0,"2":0,"3":0,"4":0,"5":1,"6":1},"b":{"0":[1,1,1],"1":[1,0],"2":[0,0],"3":[0,0],"4":[0,0],"5":[0,0],"6":[0,0],"7":[0,0],"8":[1,1,1],"9":[1,0],"10":[1,1,1],"11":[1,0],"12":[1,1],"13":[0,0],"14":[0,0],"15":[0,0],"16":[1,1,1],"17":[0,1],"18":[1,1]},"inputSourceMap":{"version":3,"file":"/home/matias/dev/studies/kukac-test/backend/src/routes/cepRouter.ts","sources":["/home/matias/dev/studies/kukac-test/backend/src/routes/cepRouter.ts"],"names":[],"mappings":";;;;;;;;;;;;;;;;;;;;;;;;;;;;AAAA,sDAA6B;AAC7B,+EAAgE;AAEhE,MAAM,MAAM,GAAG,iBAAO,CAAC,MAAM,EAAE,CAAA;AAE/B,MAAM,CAAC,GAAG,CAAC,GAAG,EAAE,aAAa,CAAC,OAAO,CAAC,CAAA;AAEtC,kBAAe,MAAM,CAAA","sourcesContent":["import express from 'express'\nimport * as CepController from '../api/controller/cepController'\n\nconst router = express.Router()\n\nrouter.get('/', CepController.getInfo)\n\nexport default router"]},"_coverageSchema":"1a1c01bbd47fc00a2c39e90264f33305004495a9","hash":"f15e0396510c115d07e56e473beacdee8e0dfc4f","contentHash":"8b5bdd74e7ff5892cdc0d03bc4e4d787d8ace507e853d89e6b0b9b3dd42cb858"},"/home/matias/dev/studies/kukac-test/backend/src/api/controller/cepController.ts":{"path":"/home/matias/dev/studies/kukac-test/backend/src/api/controller/cepController.ts","statementMap":{"0":{"start":{"line":2,"column":16},"end":{"line":10,"column":1}},"1":{"start":{"line":3,"column":28},"end":{"line":3,"column":110}},"2":{"start":{"line":3,"column":91},"end":{"line":3,"column":106}},"3":{"start":{"line":4,"column":4},"end":{"line":9,"column":7}},"4":{"start":{"line":5,"column":36},"end":{"line":5,"column":97}},"5":{"start":{"line":5,"column":42},"end":{"line":5,"column":70}},"6":{"start":{"line":5,"column":85},"end":{"line":5,"column":95}},"7":{"start":{"line":6,"column":35},"end":{"line":6,"column":100}},"8":{"start":{"line":6,"column":41},"end":{"line":6,"column":73}},"9":{"start":{"line":6,"column":88},"end":{"line":6,"column":98}},"10":{"start":{"line":7,"column":32},"end":{"line":7,"column":116}},"11":{"start":{"line":8,"column":8},"end":{"line":8,"column":78}},"12":{"start":{"line":11,"column":0},"end":{"line":11,"column":62}},"13":{"start":{"line":12,"column":0},"end":{"line":12,"column":25}},"14":{"start":{"line":13,"column":17},"end":{"line":13,"column":45}},"15":{"start":{"line":14,"column":16},"end":{"line":23,"column":2}},"16":{"start":{"line":14,"column":36},"end":{"line":23,"column":2}},"17":{"start":{"line":15,"column":20},"end":{"line":15,"column":29}},"18":{"start":{"line":16,"column":4},"end":{"line":22,"column":5}},"19":{"start":{"line":17,"column":21},"end":{"line":17,"column":56}},"20":{"start":{"line":18,"column":8},"end":{"line":18,"column":42}},"21":{"start":{"line":21,"column":8},"end":{"line":21,"column":20}},"22":{"start":{"line":24,"column":0},"end":{"line":24,"column":26}}},"fnMap":{"0":{"name":"(anonymous_0)","decl":{"start":{"line":2,"column":44},"end":{"line":2,"column":45}},"loc":{"start":{"line":2,"column":89},"end":{"line":10,"column":1}},"line":2},"1":{"name":"adopt","decl":{"start":{"line":3,"column":13},"end":{"line":3,"column":18}},"loc":{"start":{"line":3,"column":26},"end":{"line":3,"column":112}},"line":3},"2":{"name":"(anonymous_2)","decl":{"start":{"line":3,"column":70},"end":{"line":3,"column":71}},"loc":{"start":{"line":3,"column":89},"end":{"line":3,"column":108}},"line":3},"3":{"name":"(anonymous_3)","decl":{"start":{"line":4,"column":36},"end":{"line":4,"column":37}},"loc":{"start":{"line":4,"column":63},"end":{"line":9,"column":5}},"line":4},"4":{"name":"fulfilled","decl":{"start":{"line":5,"column":17},"end":{"line":5,"column":26}},"loc":{"start":{"line":5,"column":34},"end":{"line":5,"column":99}},"line":5},"5":{"name":"rejected","decl":{"start":{"line":6,"column":17},"end":{"line":6,"column":25}},"loc":{"start":{"line":6,"column":33},"end":{"line":6,"column":102}},"line":6},"6":{"name":"step","decl":{"start":{"line":7,"column":17},"end":{"line":7,"column":21}},"loc":{"start":{"line":7,"column":30},"end":{"line":7,"column":118}},"line":7},"7":{"name":"(anonymous_7)","decl":{"start":{"line":14,"column":16},"end":{"line":14,"column":17}},"loc":{"start":{"line":14,"column":36},"end":{"line":23,"column":2}},"line":14},"8":{"name":"(anonymous_8)","decl":{"start":{"line":14,"column":70},"end":{"line":14,"column":71}},"loc":{"start":{"line":14,"column":83},"end":{"line":23,"column":1}},"line":14}},"branchMap":{"0":{"loc":{"start":{"line":2,"column":16},"end":{"line":10,"column":1}},"type":"binary-expr","locations":[{"start":{"line":2,"column":17},"end":{"line":2,"column":21}},{"start":{"line":2,"column":25},"end":{"line":2,"column":39}},{"start":{"line":2,"column":44},"end":{"line":10,"column":1}}],"line":2},"1":{"loc":{"start":{"line":3,"column":35},"end":{"line":3,"column":109}},"type":"cond-expr","locations":[{"start":{"line":3,"column":56},"end":{"line":3,"column":61}},{"start":{"line":3,"column":64},"end":{"line":3,"column":109}}],"line":3},"2":{"loc":{"start":{"line":4,"column":16},"end":{"line":4,"column":34}},"type":"binary-expr","locations":[{"start":{"line":4,"column":16},"end":{"line":4,"column":17}},{"start":{"line":4,"column":22},"end":{"line":4,"column":33}}],"line":4},"3":{"loc":{"start":{"line":7,"column":32},"end":{"line":7,"column":115}},"type":"cond-expr","locations":[{"start":{"line":7,"column":46},"end":{"line":7,"column":67}},{"start":{"line":7,"column":70},"end":{"line":7,"column":115}}],"line":7},"4":{"loc":{"start":{"line":8,"column":51},"end":{"line":8,"column":67}},"type":"binary-expr","locations":[{"start":{"line":8,"column":51},"end":{"line":8,"column":61}},{"start":{"line":8,"column":65},"end":{"line":8,"column":67}}],"line":8}},"s":{"0":1,"1":0,"2":0,"3":0,"4":0,"5":0,"6":0,"7":0,"8":0,"9":0,"10":0,"11":0,"12":1,"13":1,"14":1,"15":1,"16":0,"17":0,"18":0,"19":0,"20":0,"21":0,"22":1},"f":{"0":0,"1":0,"2":0,"3":0,"4":0,"5":0,"6":0,"7":0,"8":0},"b":{"0":[1,1,1],"1":[0,0],"2":[0,0],"3":[0,0],"4":[0,0]},"inputSourceMap":{"version":3,"file":"/home/matias/dev/studies/kukac-test/backend/src/api/controller/cepController.ts","sources":["/home/matias/dev/studies/kukac-test/backend/src/api/controller/cepController.ts"],"names":[],"mappings":";;;;;;;;;;;;AACA,8CAA8C;AAEvC,MAAM,OAAO,GAAmB,CAAO,GAAG,EAAE,GAAG,EAAE,IAAI,EAAE,EAAE;IAC/D,MAAM,EAAE,GAAG,EAAE,GAAG,GAAG,CAAC,KAAK,CAAA;IAEzB,IAAI;QACH,MAAM,IAAI,GAAG,MAAM,IAAA,mBAAU,EAAC,GAAa,CAAC,CAAA;QAC5C,OAAO,GAAG,CAAC,MAAM,CAAC,GAAG,CAAC,CAAC,IAAI,CAAC,IAAI,CAAC,CAAA;KACjC;IAAC,OAAO,KAAK,EAAE;QACf,IAAI,CAAC,KAAK,CAAC,CAAA;KACX;AACF,CAAC,CAAA,CAAA;AATY,QAAA,OAAO,WASnB","sourcesContent":["import { RequestHandler } from 'express'\nimport { getCepInfo } from '../network/CepApi'\n\nexport const getInfo: RequestHandler = async (req, res, next) => {\n\tconst { cep } = req.query\n\n\ttry {\n\t\tconst data = await getCepInfo(cep as string)\n\t\treturn res.status(200).json(data)\n\t} catch (error) {\n\t\tnext(error)\n\t}\n}\n"]},"_coverageSchema":"1a1c01bbd47fc00a2c39e90264f33305004495a9","hash":"f197ccdf2ac537eb25208181c626c9257ca2f0d0","contentHash":"93a11a7991ee38b10e16525f2f7f0aadf72772bc57553adc05ef996f01b5237a"},"/home/matias/dev/studies/kukac-test/backend/src/api/network/CepApi.ts":{"path":"/home/matias/dev/studies/kukac-test/backend/src/api/network/CepApi.ts","statementMap":{"0":{"start":{"line":2,"column":16},"end":{"line":10,"column":1}},"1":{"start":{"line":3,"column":28},"end":{"line":3,"column":110}},"2":{"start":{"line":3,"column":91},"end":{"line":3,"column":106}},"3":{"start":{"line":4,"column":4},"end":{"line":9,"column":7}},"4":{"start":{"line":5,"column":36},"end":{"line":5,"column":97}},"5":{"start":{"line":5,"column":42},"end":{"line":5,"column":70}},"6":{"start":{"line":5,"column":85},"end":{"line":5,"column":95}},"7":{"start":{"line":6,"column":35},"end":{"line":6,"column":100}},"8":{"start":{"line":6,"column":41},"end":{"line":6,"column":73}},"9":{"start":{"line":6,"column":88},"end":{"line":6,"column":98}},"10":{"start":{"line":7,"column":32},"end":{"line":7,"column":116}},"11":{"start":{"line":8,"column":8},"end":{"line":8,"column":78}},"12":{"start":{"line":11,"column":22},"end":{"line":13,"column":1}},"13":{"start":{"line":12,"column":4},"end":{"line":12,"column":62}},"14":{"start":{"line":14,"column":0},"end":{"line":14,"column":62}},"15":{"start":{"line":15,"column":0},"end":{"line":15,"column":28}},"16":{"start":{"line":16,"column":24},"end":{"line":16,"column":75}},"17":{"start":{"line":17,"column":16},"end":{"line":17,"column":49}},"18":{"start":{"line":18,"column":19},"end":{"line":42,"column":2}},"19":{"start":{"line":18,"column":28},"end":{"line":42,"column":2}},"20":{"start":{"line":19,"column":4},"end":{"line":41,"column":5}},"21":{"start":{"line":20,"column":8},"end":{"line":21,"column":66}},"22":{"start":{"line":21,"column":12},"end":{"line":21,"column":66}},"23":{"start":{"line":22,"column":20},"end":{"line":22,"column":86}},"24":{"start":{"line":23,"column":8},"end":{"line":24,"column":90}},"25":{"start":{"line":24,"column":12},"end":{"line":24,"column":90}},"26":{"start":{"line":25,"column":8},"end":{"line":26,"column":66}},"27":{"start":{"line":26,"column":12},"end":{"line":26,"column":66}},"28":{"start":{"line":27,"column":8},"end":{"line":28,"column":68}},"29":{"start":{"line":28,"column":12},"end":{"line":28,"column":68}},"30":{"start":{"line":29,"column":8},"end":{"line":35,"column":10}},"31":{"start":{"line":38,"column":8},"end":{"line":40,"column":9}},"32":{"start":{"line":39,"column":12},"end":{"line":39,"column":66}},"33":{"start":{"line":43,"column":0},"end":{"line":43,"column":32}}},"fnMap":{"0":{"name":"(anonymous_0)","decl":{"start":{"line":2,"column":44},"end":{"line":2,"column":45}},"loc":{"start":{"line":2,"column":89},"end":{"line":10,"column":1}},"line":2},"1":{"name":"adopt","decl":{"start":{"line":3,"column":13},"end":{"line":3,"column":18}},"loc":{"start":{"line":3,"column":26},"end":{"line":3,"column":112}},"line":3},"2":{"name":"(anonymous_2)","decl":{"start":{"line":3,"column":70},"end":{"line":3,"column":71}},"loc":{"start":{"line":3,"column":89},"end":{"line":3,"column":108}},"line":3},"3":{"name":"(anonymous_3)","decl":{"start":{"line":4,"column":36},"end":{"line":4,"column":37}},"loc":{"start":{"line":4,"column":63},"end":{"line":9,"column":5}},"line":4},"4":{"name":"fulfilled","decl":{"start":{"line":5,"column":17},"end":{"line":5,"column":26}},"loc":{"start":{"line":5,"column":34},"end":{"line":5,"column":99}},"line":5},"5":{"name":"rejected","decl":{"start":{"line":6,"column":17},"end":{"line":6,"column":25}},"loc":{"start":{"line":6,"column":33},"end":{"line":6,"column":102}},"line":6},"6":{"name":"step","decl":{"start":{"line":7,"column":17},"end":{"line":7,"column":21}},"loc":{"start":{"line":7,"column":30},"end":{"line":7,"column":118}},"line":7},"7":{"name":"(anonymous_7)","decl":{"start":{"line":11,"column":56},"end":{"line":11,"column":57}},"loc":{"start":{"line":11,"column":71},"end":{"line":13,"column":1}},"line":11},"8":{"name":"(anonymous_8)","decl":{"start":{"line":18,"column":19},"end":{"line":18,"column":20}},"loc":{"start":{"line":18,"column":28},"end":{"line":42,"column":2}},"line":18},"9":{"name":"(anonymous_9)","decl":{"start":{"line":18,"column":62},"end":{"line":18,"column":63}},"loc":{"start":{"line":18,"column":75},"end":{"line":42,"column":1}},"line":18}},"branchMap":{"0":{"loc":{"start":{"line":2,"column":16},"end":{"line":10,"column":1}},"type":"binary-expr","locations":[{"start":{"line":2,"column":17},"end":{"line":2,"column":21}},{"start":{"line":2,"column":25},"end":{"line":2,"column":39}},{"start":{"line":2,"column":44},"end":{"line":10,"column":1}}],"line":2},"1":{"loc":{"start":{"line":3,"column":35},"end":{"line":3,"column":109}},"type":"cond-expr","locations":[{"start":{"line":3,"column":56},"end":{"line":3,"column":61}},{"start":{"line":3,"column":64},"end":{"line":3,"column":109}}],"line":3},"2":{"loc":{"start":{"line":4,"column":16},"end":{"line":4,"column":34}},"type":"binary-expr","locations":[{"start":{"line":4,"column":16},"end":{"line":4,"column":17}},{"start":{"line":4,"column":22},"end":{"line":4,"column":33}}],"line":4},"3":{"loc":{"start":{"line":7,"column":32},"end":{"line":7,"column":115}},"type":"cond-expr","locations":[{"start":{"line":7,"column":46},"end":{"line":7,"column":67}},{"start":{"line":7,"column":70},"end":{"line":7,"column":115}}],"line":7},"4":{"loc":{"start":{"line":8,"column":51},"end":{"line":8,"column":67}},"type":"binary-expr","locations":[{"start":{"line":8,"column":51},"end":{"line":8,"column":61}},{"start":{"line":8,"column":65},"end":{"line":8,"column":67}}],"line":8},"5":{"loc":{"start":{"line":11,"column":22},"end":{"line":13,"column":1}},"type":"binary-expr","locations":[{"start":{"line":11,"column":23},"end":{"line":11,"column":27}},{"start":{"line":11,"column":31},"end":{"line":11,"column":51}},{"start":{"line":11,"column":56},"end":{"line":13,"column":1}}],"line":11},"6":{"loc":{"start":{"line":12,"column":11},"end":{"line":12,"column":61}},"type":"cond-expr","locations":[{"start":{"line":12,"column":37},"end":{"line":12,"column":40}},{"start":{"line":12,"column":43},"end":{"line":12,"column":61}}],"line":12},"7":{"loc":{"start":{"line":12,"column":12},"end":{"line":12,"column":33}},"type":"binary-expr","locations":[{"start":{"line":12,"column":12},"end":{"line":12,"column":15}},{"start":{"line":12,"column":19},"end":{"line":12,"column":33}}],"line":12},"8":{"loc":{"start":{"line":20,"column":8},"end":{"line":21,"column":66}},"type":"if","locations":[{"start":{"line":20,"column":8},"end":{"line":21,"column":66}},{"start":{"line":20,"column":8},"end":{"line":21,"column":66}}],"line":20},"9":{"loc":{"start":{"line":23,"column":8},"end":{"line":24,"column":90}},"type":"if","locations":[{"start":{"line":23,"column":8},"end":{"line":24,"column":90}},{"start":{"line":23,"column":8},"end":{"line":24,"column":90}}],"line":23},"10":{"loc":{"start":{"line":25,"column":8},"end":{"line":26,"column":66}},"type":"if","locations":[{"start":{"line":25,"column":8},"end":{"line":26,"column":66}},{"start":{"line":25,"column":8},"end":{"line":26,"column":66}}],"line":25},"11":{"loc":{"start":{"line":27,"column":8},"end":{"line":28,"column":68}},"type":"if","locations":[{"start":{"line":27,"column":8},"end":{"line":28,"column":68}},{"start":{"line":27,"column":8},"end":{"line":28,"column":68}}],"line":27},"12":{"loc":{"start":{"line":38,"column":8},"end":{"line":40,"column":9}},"type":"if","locations":[{"start":{"line":38,"column":8},"end":{"line":40,"column":9}},{"start":{"line":38,"column":8},"end":{"line":40,"column":9}}],"line":38}},"s":{"0":1,"1":0,"2":0,"3":0,"4":0,"5":0,"6":0,"7":0,"8":0,"9":0,"10":0,"11":0,"12":1,"13":2,"14":1,"15":1,"16":1,"17":1,"18":1,"19":0,"20":0,"21":0,"22":0,"23":0,"24":0,"25":0,"26":0,"27":0,"28":0,"29":0,"30":0,"31":0,"32":0,"33":1},"f":{"0":0,"1":0,"2":0,"3":0,"4":0,"5":0,"6":0,"7":2,"8":0,"9":0},"b":{"0":[1,1,1],"1":[0,0],"2":[0,0],"3":[0,0],"4":[0,0],"5":[1,1,1],"6":[1,1],"7":[2,2],"8":[0,0],"9":[0,0],"10":[0,0],"11":[0,0],"12":[0,0]},"inputSourceMap":{"version":3,"file":"/home/matias/dev/studies/kukac-test/backend/src/api/network/CepApi.ts","sources":["/home/matias/dev/studies/kukac-test/backend/src/api/network/CepApi.ts"],"names":[],"mappings":";;;;;;;;;;;;;;;AAAA,4EAAoD;AACpD,kDAAyB;AAElB,MAAM,UAAU,GAAG,CAAO,GAAW,EAAE,EAAE;IAC/C,IAAI;QACH,IAAI,GAAG,CAAC,MAAM,KAAK,CAAC;YAAE,MAAM,IAAI,uBAAa,CAAC,GAAG,EAAE,aAAa,CAAC,CAAA;QAEjE,MAAM,GAAG,GAAG,MAAM,eAAK,CAAC,GAAG,CAAC,4BAA4B,GAAG,QAAQ,CAAC,CAAA;QAEpE,IAAI,CAAC,GAAG,CAAC,IAAI;YAAE,MAAM,IAAI,uBAAa,CAAC,GAAG,EAAE,qCAAqC,CAAC,CAAA;QAElF,IAAI,GAAG,CAAC,MAAM,IAAI,GAAG;YAAE,MAAM,IAAI,uBAAa,CAAC,GAAG,EAAE,aAAa,CAAC,CAAA;QAElE,IAAI,GAAG,CAAC,IAAI,CAAC,IAAI;YAAE,MAAM,IAAI,uBAAa,CAAC,GAAG,EAAE,eAAe,CAAC,CAAA;QAEhE,OAAO;YACN,GAAG,EAAE,GAAG,CAAC,IAAI,CAAC,GAAG;YACjB,OAAO,EAAE,GAAG,CAAC,IAAI,CAAC,UAAU;YAC5B,YAAY,EAAE,GAAG,CAAC,IAAI,CAAC,MAAM;YAC7B,IAAI,EAAE,GAAG,CAAC,IAAI,CAAC,UAAU;YACzB,KAAK,EAAE,GAAG,CAAC,IAAI,CAAC,EAAE;SAClB,CAAA;KACD;IAAC,OAAO,KAAK,EAAE;QACf,IAAI,KAAK,YAAY,KAAK,EAAE;YAC3B,MAAM,IAAI,uBAAa,CAAC,GAAG,EAAE,KAAK,CAAC,OAAO,CAAC,CAAA;SAC3C;KACD;AACF,CAAC,CAAA,CAAA;AAxBY,QAAA,UAAU,cAwBtB","sourcesContent":["import HttpException  from '../errors/httpException'\nimport axios from 'axios'\n\nexport const getCepInfo = async (cep: string) => {\n\ttry {\n\t\tif (cep.length !== 8) throw new HttpException(400, 'Invalid CEP')\n\n\t\tconst res = await axios.get(`https://viacep.com.br/ws/${cep}/json/`)\n\t\n\t\tif (!res.data) throw new HttpException(500, 'Something has gone wrong, try again')\n\n\t\tif (res.status == 400) throw new HttpException(400, 'Invalid CEP')\n    \n\t\tif (res.data.erro) throw new HttpException(400, 'CEP not found')\n\n\t\treturn {\n\t\t\tzip: res.data.cep,\n\t\t\taddress: res.data.logradouro,\n\t\t\tneighborhood: res.data.bairro,\n\t\t\tcity: res.data.localidade,\n\t\t\tstate: res.data.uf\n\t\t}\n\t} catch (error) {\n\t\tif (error instanceof Error) {\n\t\t\tthrow new HttpException(400, error.message)\n\t\t}\n\t}\n}\n"]},"_coverageSchema":"1a1c01bbd47fc00a2c39e90264f33305004495a9","hash":"08ba715799c5e272a82bcb0bbcd681e36bc4470e","contentHash":"339f1045a35edf017a4afc80989b3c16dbb8bad64cd066bb1592f72e530c70de"}}